The target system is: Generic -  - WCH
The host system is: Darwin - 22.4.0 - arm64
Compiling the C compiler identification source file "CMakeCCompilerId.c" succeeded.
Compiler: /Users/baohan/ErBW_s/Code/Toolchains/xpack-riscv-none-embed-gcc-8.2.0/bin/riscv-none-embed-gcc 
Build flags: ;-mcmodel=medany;-march=rv32imc;-mabi=ilp32;-msave-restore;-D_USE_LONG_TIME_T;-O0
Id flags: -c 

The output was:
0


Compilation of the C compiler identification source "CMakeCCompilerId.c" produced "CMakeCCompilerId.o"

The C compiler identification is GNU, found in "/Users/baohan/ErBW_s/Projects/CH32-Bike-Overland/2.Firmware/2.BLDC/cmake-build-debug/CMakeFiles/3.25.2/CompilerIdC/CMakeCCompilerId.o"

Compiling the CXX compiler identification source file "CMakeCXXCompilerId.cpp" succeeded.
Compiler: /Users/baohan/ErBW_s/Code/Toolchains/xpack-riscv-none-embed-gcc-8.2.0/bin/riscv-none-embed-g++ 
Build flags: ;-mcmodel=medany;-march=rv32imc;-mabi=ilp32;-msave-restore;-D_USE_LONG_TIME_T;-O0
Id flags: -c 

The output was:
0


Compilation of the CXX compiler identification source "CMakeCXXCompilerId.cpp" produced "CMakeCXXCompilerId.o"

The CXX compiler identification is GNU, found in "/Users/baohan/ErBW_s/Projects/CH32-Bike-Overland/2.Firmware/2.BLDC/cmake-build-debug/CMakeFiles/3.25.2/CompilerIdCXX/CMakeCXXCompilerId.o"

Checking whether the ASM compiler is GNU using "--version" matched "(GNU assembler)|(GCC)|(Free Software Foundation)":
riscv-none-embed-gcc (xPack GNU RISC-V Embedded GCC x86_64) 8.2.0
Copyright (C) 2018 Free Software Foundation, Inc.
This is free software; see the source for copying conditions.  There is NO
warranty; not even for MERCHANTABILITY or FITNESS FOR A PARTICULAR PURPOSE.

Detecting C compiler ABI info compiled with the following output:
Change Dir: /Users/baohan/ErBW_s/Projects/CH32-Bike-Overland/2.Firmware/2.BLDC/cmake-build-debug/CMakeFiles/CMakeScratch/TryCompile-e2zAAL

Run Build Command(s):/Users/baohan/Library/Application Support/JetBrains/Toolbox/apps/CLion/ch-0/231.8109.141/CLion 2023.1 EAP.app/Contents/bin/ninja/mac/ninja cmTC_a3590 && [1/2] Building C object CMakeFiles/cmTC_a3590.dir/CMakeCCompilerABI.c.obj
Using built-in specs.
COLLECT_GCC=/Users/baohan/ErBW_s/Code/Toolchains/xpack-riscv-none-embed-gcc-8.2.0/bin/riscv-none-embed-gcc
Target: riscv-none-embed
Configured with: /Users/wch/Work/riscv-none-embed-gcc-10.2.0-1.2/darwin-x64/sources/riscv-gcc-10.2.0-1.1/configure --prefix=/Users/wch/Work/riscv-none-embed-gcc-10.2.0-1.2/darwin-x64/install/riscv-none-embed-gcc --infodir=/Users/wch/Work/riscv-none-embed-gcc-10.2.0-1.2/darwin-x64/install/riscv-none-embed-gcc/share/doc/info --mandir=/Users/wch/Work/riscv-none-embed-gcc-10.2.0-1.2/darwin-x64/install/riscv-none-embed-gcc/share/doc/man --htmldir=/Users/wch/Work/riscv-none-embed-gcc-10.2.0-1.2/darwin-x64/install/riscv-none-embed-gcc/share/doc/html --pdfdir=/Users/wch/Work/riscv-none-embed-gcc-10.2.0-1.2/darwin-x64/install/riscv-none-embed-gcc/share/doc/pdf --build=x86_64-apple-darwin17.7.0 --host=x86_64-apple-darwin17.7.0 --target=riscv-none-embed --with-pkgversion='xPack GNU RISC-V Embedded GCC x86_64' --with-bugurl=https://github.com/sifive/freedom-tools/issues/ --enable-languages=c,c++ --disable-mingw-wildcard --enable-plugins --enable-lto --enable-checking=yes --disable-tls --disable-decimal-float --disable-libffi --disable-libgomp --disable-libmudflap --disable-libquadmath --disable-libssp --disable-libstdcxx-pch --disable-nls --disable-threads --with-gnu-as --with-gnu-ld --with-newlib --with-headers=yes --with-python-dir=share/gcc-riscv-none-embed --with-sysroot=/Users/wch/Work/riscv-none-embed-gcc-10.2.0-1.2/darwin-x64/install/riscv-none-embed-gcc/riscv-none-embed --with-native-system-header-dir=/include --with-abi=ilp32 --with-arch=rv32imac --disable-build-format-warnings --with-system-zlib
Thread model: single
gcc version 8.2.0 (xPack GNU RISC-V Embedded GCC x86_64) 
COLLECT_GCC_OPTIONS='-fdiagnostics-color=always' '-mcmodel=medany' '-march=rv32imc' '-mabi=ilp32' '-msave-restore' '-D' '_USE_LONG_TIME_T' '-O0' '-v' '-o' 'CMakeFiles/cmTC_a3590.dir/CMakeCCompilerABI.c.obj' '-c'
 /Users/baohan/ErBW_s/Code/Toolchains/xpack-riscv-none-embed-gcc-8.2.0/bin/../libexec/gcc/riscv-none-embed/8.2.0/cc1 -quiet -v -imultilib rv32im/ilp32 -iprefix /Users/baohan/ErBW_s/Code/Toolchains/xpack-riscv-none-embed-gcc-8.2.0/bin/../lib/gcc/riscv-none-embed/8.2.0/ -isysroot /Users/baohan/ErBW_s/Code/Toolchains/xpack-riscv-none-embed-gcc-8.2.0/bin/../riscv-none-embed -D _USE_LONG_TIME_T /Users/baohan/Library/Application Support/JetBrains/Toolbox/apps/CLion/ch-0/231.8109.141/CLion 2023.1 EAP.app/Contents/bin/cmake/mac/share/cmake-3.25/Modules/CMakeCCompilerABI.c -quiet -dumpbase CMakeCCompilerABI.c -mcmodel=medany -march=rv32imc -mabi=ilp32 -msave-restore -auxbase-strip CMakeFiles/cmTC_a3590.dir/CMakeCCompilerABI.c.obj -O0 -version -fdiagnostics-color=always -o /var/folders/8b/ck38908s4pq3gnj871z1n0sr0000gn/T//ccSRwdTG.s
GNU C17 (xPack GNU RISC-V Embedded GCC x86_64) version 8.2.0 (riscv-none-embed)
	compiled by GNU C version 11.2.0, GMP version 6.1.2, MPFR version 3.1.6, MPC version 1.0.3, isl version isl-0.18-GMP

GGC heuristics: --param ggc-min-expand=30 --param ggc-min-heapsize=4096
ignoring duplicate directory "/Users/baohan/ErBW_s/Code/Toolchains/xpack-riscv-none-embed-gcc-8.2.0/bin/../lib/gcc/../../lib/gcc/riscv-none-embed/8.2.0/include"
ignoring nonexistent directory "/Users/baohan/ErBW_s/Code/Toolchains/xpack-riscv-none-embed-gcc-8.2.0/bin/../riscv-none-embed/usr/local/include"
ignoring duplicate directory "/Users/baohan/ErBW_s/Code/Toolchains/xpack-riscv-none-embed-gcc-8.2.0/bin/../lib/gcc/../../lib/gcc/riscv-none-embed/8.2.0/include-fixed"
ignoring duplicate directory "/Users/baohan/ErBW_s/Code/Toolchains/xpack-riscv-none-embed-gcc-8.2.0/bin/../lib/gcc/../../lib/gcc/riscv-none-embed/8.2.0/../../../../riscv-none-embed/include"
ignoring duplicate directory "/Users/baohan/ErBW_s/Code/Toolchains/xpack-riscv-none-embed-gcc-8.2.0/bin/../riscv-none-embed/include"
#include "..." search starts here:
#include <...> search starts here:
 /Users/baohan/ErBW_s/Code/Toolchains/xpack-riscv-none-embed-gcc-8.2.0/bin/../lib/gcc/riscv-none-embed/8.2.0/include
 /Users/baohan/ErBW_s/Code/Toolchains/xpack-riscv-none-embed-gcc-8.2.0/bin/../lib/gcc/riscv-none-embed/8.2.0/include-fixed
 /Users/baohan/ErBW_s/Code/Toolchains/xpack-riscv-none-embed-gcc-8.2.0/bin/../lib/gcc/riscv-none-embed/8.2.0/../../../../riscv-none-embed/include
End of search list.
GNU C17 (xPack GNU RISC-V Embedded GCC x86_64) version 8.2.0 (riscv-none-embed)
	compiled by GNU C version 11.2.0, GMP version 6.1.2, MPFR version 3.1.6, MPC version 1.0.3, isl version isl-0.18-GMP

GGC heuristics: --param ggc-min-expand=30 --param ggc-min-heapsize=4096
Compiler executable checksum: 84a0b05cdca3216107ef4153f306c7b3
COLLECT_GCC_OPTIONS='-fdiagnostics-color=always' '-mcmodel=medany' '-march=rv32imc' '-mabi=ilp32' '-msave-restore' '-D' '_USE_LONG_TIME_T' '-O0' '-v' '-o' 'CMakeFiles/cmTC_a3590.dir/CMakeCCompilerABI.c.obj' '-c'
 /Users/baohan/ErBW_s/Code/Toolchains/xpack-riscv-none-embed-gcc-8.2.0/bin/../lib/gcc/riscv-none-embed/8.2.0/../../../../riscv-none-embed/bin/as -v --traditional-format -march=rv32imc -mabi=ilp32 -o CMakeFiles/cmTC_a3590.dir/CMakeCCompilerABI.c.obj /var/folders/8b/ck38908s4pq3gnj871z1n0sr0000gn/T//ccSRwdTG.s
GNU assembler version 2.32 (riscv-none-embed) using BFD version (xPack GNU RISC-V Embedded GCC x86_64) 2.32
COMPILER_PATH=/Users/baohan/ErBW_s/Code/Toolchains/xpack-riscv-none-embed-gcc-8.2.0/bin/../libexec/gcc/riscv-none-embed/8.2.0/:/Users/baohan/ErBW_s/Code/Toolchains/xpack-riscv-none-embed-gcc-8.2.0/bin/../libexec/gcc/:/Users/baohan/ErBW_s/Code/Toolchains/xpack-riscv-none-embed-gcc-8.2.0/bin/../lib/gcc/riscv-none-embed/8.2.0/../../../../riscv-none-embed/bin/
LIBRARY_PATH=/Users/baohan/ErBW_s/Code/Toolchains/xpack-riscv-none-embed-gcc-8.2.0/bin/../lib/gcc/riscv-none-embed/8.2.0/rv32im/ilp32/:/Users/baohan/ErBW_s/Code/Toolchains/xpack-riscv-none-embed-gcc-8.2.0/bin/../lib/gcc/riscv-none-embed/8.2.0/../../../../riscv-none-embed/lib/rv32im/ilp32/:/Users/baohan/ErBW_s/Code/Toolchains/xpack-riscv-none-embed-gcc-8.2.0/bin/../riscv-none-embed/lib/rv32im/ilp32/:/Users/baohan/ErBW_s/Code/Toolchains/xpack-riscv-none-embed-gcc-8.2.0/bin/../lib/gcc/riscv-none-embed/8.2.0/:/Users/baohan/ErBW_s/Code/Toolchains/xpack-riscv-none-embed-gcc-8.2.0/bin/../lib/gcc/:/Users/baohan/ErBW_s/Code/Toolchains/xpack-riscv-none-embed-gcc-8.2.0/bin/../lib/gcc/riscv-none-embed/8.2.0/../../../../riscv-none-embed/lib/:/Users/baohan/ErBW_s/Code/Toolchains/xpack-riscv-none-embed-gcc-8.2.0/bin/../riscv-none-embed/lib/
COLLECT_GCC_OPTIONS='-fdiagnostics-color=always' '-mcmodel=medany' '-march=rv32imc' '-mabi=ilp32' '-msave-restore' '-D' '_USE_LONG_TIME_T' '-O0' '-v' '-o' 'CMakeFiles/cmTC_a3590.dir/CMakeCCompilerABI.c.obj' '-c'
[2/2] Linking C executable cmTC_a3590
Using built-in specs.
COLLECT_GCC=/Users/baohan/ErBW_s/Code/Toolchains/xpack-riscv-none-embed-gcc-8.2.0/bin/riscv-none-embed-gcc
COLLECT_LTO_WRAPPER=/Users/baohan/ErBW_s/Code/Toolchains/xpack-riscv-none-embed-gcc-8.2.0/bin/../libexec/gcc/riscv-none-embed/8.2.0/lto-wrapper
Target: riscv-none-embed
Configured with: /Users/wch/Work/riscv-none-embed-gcc-10.2.0-1.2/darwin-x64/sources/riscv-gcc-10.2.0-1.1/configure --prefix=/Users/wch/Work/riscv-none-embed-gcc-10.2.0-1.2/darwin-x64/install/riscv-none-embed-gcc --infodir=/Users/wch/Work/riscv-none-embed-gcc-10.2.0-1.2/darwin-x64/install/riscv-none-embed-gcc/share/doc/info --mandir=/Users/wch/Work/riscv-none-embed-gcc-10.2.0-1.2/darwin-x64/install/riscv-none-embed-gcc/share/doc/man --htmldir=/Users/wch/Work/riscv-none-embed-gcc-10.2.0-1.2/darwin-x64/install/riscv-none-embed-gcc/share/doc/html --pdfdir=/Users/wch/Work/riscv-none-embed-gcc-10.2.0-1.2/darwin-x64/install/riscv-none-embed-gcc/share/doc/pdf --build=x86_64-apple-darwin17.7.0 --host=x86_64-apple-darwin17.7.0 --target=riscv-none-embed --with-pkgversion='xPack GNU RISC-V Embedded GCC x86_64' --with-bugurl=https://github.com/sifive/freedom-tools/issues/ --enable-languages=c,c++ --disable-mingw-wildcard --enable-plugins --enable-lto --enable-checking=yes --disable-tls --disable-decimal-float --disable-libffi --disable-libgomp --disable-libmudflap --disable-libquadmath --disable-libssp --disable-libstdcxx-pch --disable-nls --disable-threads --with-gnu-as --with-gnu-ld --with-newlib --with-headers=yes --with-python-dir=share/gcc-riscv-none-embed --with-sysroot=/Users/wch/Work/riscv-none-embed-gcc-10.2.0-1.2/darwin-x64/install/riscv-none-embed-gcc/riscv-none-embed --with-native-system-header-dir=/include --with-abi=ilp32 --with-arch=rv32imac --disable-build-format-warnings --with-system-zlib
Thread model: single
gcc version 8.2.0 (xPack GNU RISC-V Embedded GCC x86_64) 
COMPILER_PATH=/Users/baohan/ErBW_s/Code/Toolchains/xpack-riscv-none-embed-gcc-8.2.0/bin/../libexec/gcc/riscv-none-embed/8.2.0/:/Users/baohan/ErBW_s/Code/Toolchains/xpack-riscv-none-embed-gcc-8.2.0/bin/../libexec/gcc/:/Users/baohan/ErBW_s/Code/Toolchains/xpack-riscv-none-embed-gcc-8.2.0/bin/../lib/gcc/riscv-none-embed/8.2.0/../../../../riscv-none-embed/bin/
LIBRARY_PATH=/Users/baohan/ErBW_s/Code/Toolchains/xpack-riscv-none-embed-gcc-8.2.0/bin/../lib/gcc/riscv-none-embed/8.2.0/rv32im/ilp32/:/Users/baohan/ErBW_s/Code/Toolchains/xpack-riscv-none-embed-gcc-8.2.0/bin/../lib/gcc/riscv-none-embed/8.2.0/../../../../riscv-none-embed/lib/rv32im/ilp32/:/Users/baohan/ErBW_s/Code/Toolchains/xpack-riscv-none-embed-gcc-8.2.0/bin/../riscv-none-embed/lib/rv32im/ilp32/:/Users/baohan/ErBW_s/Code/Toolchains/xpack-riscv-none-embed-gcc-8.2.0/bin/../lib/gcc/riscv-none-embed/8.2.0/:/Users/baohan/ErBW_s/Code/Toolchains/xpack-riscv-none-embed-gcc-8.2.0/bin/../lib/gcc/:/Users/baohan/ErBW_s/Code/Toolchains/xpack-riscv-none-embed-gcc-8.2.0/bin/../lib/gcc/riscv-none-embed/8.2.0/../../../../riscv-none-embed/lib/:/Users/baohan/ErBW_s/Code/Toolchains/xpack-riscv-none-embed-gcc-8.2.0/bin/../riscv-none-embed/lib/
COLLECT_GCC_OPTIONS='-mcmodel=medany' '-march=rv32imc' '-mabi=ilp32' '-D' '_USE_LONG_TIME_T' '-O0' '-mcmodel=medany' '-march=rv32imc' '-mabi=ilp32' '-msave-restore' '-nostartfiles' '-T' '/Users/baohan/ErBW_s/Projects/CH32-Bike-Overland/2.Firmware/2.BLDC/link.lds' '-v' '-o' 'cmTC_a3590'
 /Users/baohan/ErBW_s/Code/Toolchains/xpack-riscv-none-embed-gcc-8.2.0/bin/../libexec/gcc/riscv-none-embed/8.2.0/collect2 -plugin /Users/baohan/ErBW_s/Code/Toolchains/xpack-riscv-none-embed-gcc-8.2.0/bin/../libexec/gcc/riscv-none-embed/8.2.0/liblto_plugin.so -plugin-opt=/Users/baohan/ErBW_s/Code/Toolchains/xpack-riscv-none-embed-gcc-8.2.0/bin/../libexec/gcc/riscv-none-embed/8.2.0/lto-wrapper -plugin-opt=-fresolution=/var/folders/8b/ck38908s4pq3gnj871z1n0sr0000gn/T//cciabeEd.res -plugin-opt=-pass-through=-lgcc -plugin-opt=-pass-through=-lgcc -plugin-opt=-pass-through=-lg -plugin-opt=-pass-through=-lc -plugin-opt=-pass-through=-lgcc --sysroot=/Users/baohan/ErBW_s/Code/Toolchains/xpack-riscv-none-embed-gcc-8.2.0/bin/../riscv-none-embed -melf32lriscv -o cmTC_a3590 -L/Users/baohan/ErBW_s/Code/Toolchains/xpack-riscv-none-embed-gcc-8.2.0/bin/../lib/gcc/riscv-none-embed/8.2.0/rv32im/ilp32 -L/Users/baohan/ErBW_s/Code/Toolchains/xpack-riscv-none-embed-gcc-8.2.0/bin/../lib/gcc/riscv-none-embed/8.2.0/../../../../riscv-none-embed/lib/rv32im/ilp32 -L/Users/baohan/ErBW_s/Code/Toolchains/xpack-riscv-none-embed-gcc-8.2.0/bin/../riscv-none-embed/lib/rv32im/ilp32 -L/Users/baohan/ErBW_s/Code/Toolchains/xpack-riscv-none-embed-gcc-8.2.0/bin/../lib/gcc/riscv-none-embed/8.2.0 -L/Users/baohan/ErBW_s/Code/Toolchains/xpack-riscv-none-embed-gcc-8.2.0/bin/../lib/gcc -L/Users/baohan/ErBW_s/Code/Toolchains/xpack-riscv-none-embed-gcc-8.2.0/bin/../lib/gcc/riscv-none-embed/8.2.0/../../../../riscv-none-embed/lib -L/Users/baohan/ErBW_s/Code/Toolchains/xpack-riscv-none-embed-gcc-8.2.0/bin/../riscv-none-embed/lib --gc-sections -Map=rtthread.map -cref -u _start CMakeFiles/cmTC_a3590.dir/CMakeCCompilerABI.c.obj -lgcc --start-group -lgcc -lg -lc --end-group -lgcc -T /Users/baohan/ErBW_s/Projects/CH32-Bike-Overland/2.Firmware/2.BLDC/link.lds
/Users/baohan/ErBW_s/Code/Toolchains/xpack-riscv-none-embed-gcc-8.2.0/bin/../lib/gcc/riscv-none-embed/8.2.0/../../../../riscv-none-embed/bin/ld: warning: cannot find entry symbol _start; defaulting to 0000000000000000
COLLECT_GCC_OPTIONS='-mcmodel=medany' '-march=rv32imc' '-mabi=ilp32' '-D' '_USE_LONG_TIME_T' '-O0' '-mcmodel=medany' '-march=rv32imc' '-mabi=ilp32' '-msave-restore' '-nostartfiles' '-T' '/Users/baohan/ErBW_s/Projects/CH32-Bike-Overland/2.Firmware/2.BLDC/link.lds' '-v' '-o' 'cmTC_a3590'



Parsed C implicit include dir info from above output: rv=done
  found start of include info
  found start of implicit include info
    add: [/Users/baohan/ErBW_s/Code/Toolchains/xpack-riscv-none-embed-gcc-8.2.0/bin/../lib/gcc/riscv-none-embed/8.2.0/include]
    add: [/Users/baohan/ErBW_s/Code/Toolchains/xpack-riscv-none-embed-gcc-8.2.0/bin/../lib/gcc/riscv-none-embed/8.2.0/include-fixed]
    add: [/Users/baohan/ErBW_s/Code/Toolchains/xpack-riscv-none-embed-gcc-8.2.0/bin/../lib/gcc/riscv-none-embed/8.2.0/../../../../riscv-none-embed/include]
  end of search list found
  collapse include dir [/Users/baohan/ErBW_s/Code/Toolchains/xpack-riscv-none-embed-gcc-8.2.0/bin/../lib/gcc/riscv-none-embed/8.2.0/include] ==> [/Users/baohan/ErBW_s/Code/Toolchains/xpack-riscv-none-embed-gcc-8.2.0/lib/gcc/riscv-none-embed/8.2.0/include]
  collapse include dir [/Users/baohan/ErBW_s/Code/Toolchains/xpack-riscv-none-embed-gcc-8.2.0/bin/../lib/gcc/riscv-none-embed/8.2.0/include-fixed] ==> [/Users/baohan/ErBW_s/Code/Toolchains/xpack-riscv-none-embed-gcc-8.2.0/lib/gcc/riscv-none-embed/8.2.0/include-fixed]
  collapse include dir [/Users/baohan/ErBW_s/Code/Toolchains/xpack-riscv-none-embed-gcc-8.2.0/bin/../lib/gcc/riscv-none-embed/8.2.0/../../../../riscv-none-embed/include] ==> [/Users/baohan/ErBW_s/Code/Toolchains/xpack-riscv-none-embed-gcc-8.2.0/riscv-none-embed/include]
  implicit include dirs: [/Users/baohan/ErBW_s/Code/Toolchains/xpack-riscv-none-embed-gcc-8.2.0/lib/gcc/riscv-none-embed/8.2.0/include;/Users/baohan/ErBW_s/Code/Toolchains/xpack-riscv-none-embed-gcc-8.2.0/lib/gcc/riscv-none-embed/8.2.0/include-fixed;/Users/baohan/ErBW_s/Code/Toolchains/xpack-riscv-none-embed-gcc-8.2.0/riscv-none-embed/include]


Parsed C implicit link information from above output:
  link line regex: [^( *|.*[/\])(riscv-none-embed-ld|CMAKE_LINK_STARTFILE-NOTFOUND|([^/\]+-)?ld|collect2)[^/\]*( |$)]
  ignore line: [Change Dir: /Users/baohan/ErBW_s/Projects/CH32-Bike-Overland/2.Firmware/2.BLDC/cmake-build-debug/CMakeFiles/CMakeScratch/TryCompile-e2zAAL]
  ignore line: []
  ignore line: [Run Build Command(s):/Users/baohan/Library/Application Support/JetBrains/Toolbox/apps/CLion/ch-0/231.8109.141/CLion 2023.1 EAP.app/Contents/bin/ninja/mac/ninja cmTC_a3590 && [1/2] Building C object CMakeFiles/cmTC_a3590.dir/CMakeCCompilerABI.c.obj]
  ignore line: [Using built-in specs.]
  ignore line: [COLLECT_GCC=/Users/baohan/ErBW_s/Code/Toolchains/xpack-riscv-none-embed-gcc-8.2.0/bin/riscv-none-embed-gcc]
  ignore line: [Target: riscv-none-embed]
  ignore line: [Configured with: /Users/wch/Work/riscv-none-embed-gcc-10.2.0-1.2/darwin-x64/sources/riscv-gcc-10.2.0-1.1/configure --prefix=/Users/wch/Work/riscv-none-embed-gcc-10.2.0-1.2/darwin-x64/install/riscv-none-embed-gcc --infodir=/Users/wch/Work/riscv-none-embed-gcc-10.2.0-1.2/darwin-x64/install/riscv-none-embed-gcc/share/doc/info --mandir=/Users/wch/Work/riscv-none-embed-gcc-10.2.0-1.2/darwin-x64/install/riscv-none-embed-gcc/share/doc/man --htmldir=/Users/wch/Work/riscv-none-embed-gcc-10.2.0-1.2/darwin-x64/install/riscv-none-embed-gcc/share/doc/html --pdfdir=/Users/wch/Work/riscv-none-embed-gcc-10.2.0-1.2/darwin-x64/install/riscv-none-embed-gcc/share/doc/pdf --build=x86_64-apple-darwin17.7.0 --host=x86_64-apple-darwin17.7.0 --target=riscv-none-embed --with-pkgversion='xPack GNU RISC-V Embedded GCC x86_64' --with-bugurl=https://github.com/sifive/freedom-tools/issues/ --enable-languages=c,c++ --disable-mingw-wildcard --enable-plugins --enable-lto --enable-checking=yes --disable-tls --disable-decimal-float --disable-libffi --disable-libgomp --disable-libmudflap --disable-libquadmath --disable-libssp --disable-libstdcxx-pch --disable-nls --disable-threads --with-gnu-as --with-gnu-ld --with-newlib --with-headers=yes --with-python-dir=share/gcc-riscv-none-embed --with-sysroot=/Users/wch/Work/riscv-none-embed-gcc-10.2.0-1.2/darwin-x64/install/riscv-none-embed-gcc/riscv-none-embed --with-native-system-header-dir=/include --with-abi=ilp32 --with-arch=rv32imac --disable-build-format-warnings --with-system-zlib]
  ignore line: [Thread model: single]
  ignore line: [gcc version 8.2.0 (xPack GNU RISC-V Embedded GCC x86_64) ]
  ignore line: [COLLECT_GCC_OPTIONS='-fdiagnostics-color=always' '-mcmodel=medany' '-march=rv32imc' '-mabi=ilp32' '-msave-restore' '-D' '_USE_LONG_TIME_T' '-O0' '-v' '-o' 'CMakeFiles/cmTC_a3590.dir/CMakeCCompilerABI.c.obj' '-c']
  ignore line: [ /Users/baohan/ErBW_s/Code/Toolchains/xpack-riscv-none-embed-gcc-8.2.0/bin/../libexec/gcc/riscv-none-embed/8.2.0/cc1 -quiet -v -imultilib rv32im/ilp32 -iprefix /Users/baohan/ErBW_s/Code/Toolchains/xpack-riscv-none-embed-gcc-8.2.0/bin/../lib/gcc/riscv-none-embed/8.2.0/ -isysroot /Users/baohan/ErBW_s/Code/Toolchains/xpack-riscv-none-embed-gcc-8.2.0/bin/../riscv-none-embed -D _USE_LONG_TIME_T /Users/baohan/Library/Application Support/JetBrains/Toolbox/apps/CLion/ch-0/231.8109.141/CLion 2023.1 EAP.app/Contents/bin/cmake/mac/share/cmake-3.25/Modules/CMakeCCompilerABI.c -quiet -dumpbase CMakeCCompilerABI.c -mcmodel=medany -march=rv32imc -mabi=ilp32 -msave-restore -auxbase-strip CMakeFiles/cmTC_a3590.dir/CMakeCCompilerABI.c.obj -O0 -version -fdiagnostics-color=always -o /var/folders/8b/ck38908s4pq3gnj871z1n0sr0000gn/T//ccSRwdTG.s]
  ignore line: [GNU C17 (xPack GNU RISC-V Embedded GCC x86_64) version 8.2.0 (riscv-none-embed)]
  ignore line: [	compiled by GNU C version 11.2.0  GMP version 6.1.2  MPFR version 3.1.6  MPC version 1.0.3  isl version isl-0.18-GMP]
  ignore line: []
  ignore line: [GGC heuristics: --param ggc-min-expand=30 --param ggc-min-heapsize=4096]
  ignore line: [ignoring duplicate directory "/Users/baohan/ErBW_s/Code/Toolchains/xpack-riscv-none-embed-gcc-8.2.0/bin/../lib/gcc/../../lib/gcc/riscv-none-embed/8.2.0/include"]
  ignore line: [ignoring nonexistent directory "/Users/baohan/ErBW_s/Code/Toolchains/xpack-riscv-none-embed-gcc-8.2.0/bin/../riscv-none-embed/usr/local/include"]
  ignore line: [ignoring duplicate directory "/Users/baohan/ErBW_s/Code/Toolchains/xpack-riscv-none-embed-gcc-8.2.0/bin/../lib/gcc/../../lib/gcc/riscv-none-embed/8.2.0/include-fixed"]
  ignore line: [ignoring duplicate directory "/Users/baohan/ErBW_s/Code/Toolchains/xpack-riscv-none-embed-gcc-8.2.0/bin/../lib/gcc/../../lib/gcc/riscv-none-embed/8.2.0/../../../../riscv-none-embed/include"]
  ignore line: [ignoring duplicate directory "/Users/baohan/ErBW_s/Code/Toolchains/xpack-riscv-none-embed-gcc-8.2.0/bin/../riscv-none-embed/include"]
  ignore line: [#include "..." search starts here:]
  ignore line: [#include <...> search starts here:]
  ignore line: [ /Users/baohan/ErBW_s/Code/Toolchains/xpack-riscv-none-embed-gcc-8.2.0/bin/../lib/gcc/riscv-none-embed/8.2.0/include]
  ignore line: [ /Users/baohan/ErBW_s/Code/Toolchains/xpack-riscv-none-embed-gcc-8.2.0/bin/../lib/gcc/riscv-none-embed/8.2.0/include-fixed]
  ignore line: [ /Users/baohan/ErBW_s/Code/Toolchains/xpack-riscv-none-embed-gcc-8.2.0/bin/../lib/gcc/riscv-none-embed/8.2.0/../../../../riscv-none-embed/include]
  ignore line: [End of search list.]
  ignore line: [GNU C17 (xPack GNU RISC-V Embedded GCC x86_64) version 8.2.0 (riscv-none-embed)]
  ignore line: [	compiled by GNU C version 11.2.0  GMP version 6.1.2  MPFR version 3.1.6  MPC version 1.0.3  isl version isl-0.18-GMP]
  ignore line: []
  ignore line: [GGC heuristics: --param ggc-min-expand=30 --param ggc-min-heapsize=4096]
  ignore line: [Compiler executable checksum: 84a0b05cdca3216107ef4153f306c7b3]
  ignore line: [COLLECT_GCC_OPTIONS='-fdiagnostics-color=always' '-mcmodel=medany' '-march=rv32imc' '-mabi=ilp32' '-msave-restore' '-D' '_USE_LONG_TIME_T' '-O0' '-v' '-o' 'CMakeFiles/cmTC_a3590.dir/CMakeCCompilerABI.c.obj' '-c']
  ignore line: [ /Users/baohan/ErBW_s/Code/Toolchains/xpack-riscv-none-embed-gcc-8.2.0/bin/../lib/gcc/riscv-none-embed/8.2.0/../../../../riscv-none-embed/bin/as -v --traditional-format -march=rv32imc -mabi=ilp32 -o CMakeFiles/cmTC_a3590.dir/CMakeCCompilerABI.c.obj /var/folders/8b/ck38908s4pq3gnj871z1n0sr0000gn/T//ccSRwdTG.s]
  ignore line: [GNU assembler version 2.32 (riscv-none-embed) using BFD version (xPack GNU RISC-V Embedded GCC x86_64) 2.32]
  ignore line: [COMPILER_PATH=/Users/baohan/ErBW_s/Code/Toolchains/xpack-riscv-none-embed-gcc-8.2.0/bin/../libexec/gcc/riscv-none-embed/8.2.0/:/Users/baohan/ErBW_s/Code/Toolchains/xpack-riscv-none-embed-gcc-8.2.0/bin/../libexec/gcc/:/Users/baohan/ErBW_s/Code/Toolchains/xpack-riscv-none-embed-gcc-8.2.0/bin/../lib/gcc/riscv-none-embed/8.2.0/../../../../riscv-none-embed/bin/]
  ignore line: [LIBRARY_PATH=/Users/baohan/ErBW_s/Code/Toolchains/xpack-riscv-none-embed-gcc-8.2.0/bin/../lib/gcc/riscv-none-embed/8.2.0/rv32im/ilp32/:/Users/baohan/ErBW_s/Code/Toolchains/xpack-riscv-none-embed-gcc-8.2.0/bin/../lib/gcc/riscv-none-embed/8.2.0/../../../../riscv-none-embed/lib/rv32im/ilp32/:/Users/baohan/ErBW_s/Code/Toolchains/xpack-riscv-none-embed-gcc-8.2.0/bin/../riscv-none-embed/lib/rv32im/ilp32/:/Users/baohan/ErBW_s/Code/Toolchains/xpack-riscv-none-embed-gcc-8.2.0/bin/../lib/gcc/riscv-none-embed/8.2.0/:/Users/baohan/ErBW_s/Code/Toolchains/xpack-riscv-none-embed-gcc-8.2.0/bin/../lib/gcc/:/Users/baohan/ErBW_s/Code/Toolchains/xpack-riscv-none-embed-gcc-8.2.0/bin/../lib/gcc/riscv-none-embed/8.2.0/../../../../riscv-none-embed/lib/:/Users/baohan/ErBW_s/Code/Toolchains/xpack-riscv-none-embed-gcc-8.2.0/bin/../riscv-none-embed/lib/]
  ignore line: [COLLECT_GCC_OPTIONS='-fdiagnostics-color=always' '-mcmodel=medany' '-march=rv32imc' '-mabi=ilp32' '-msave-restore' '-D' '_USE_LONG_TIME_T' '-O0' '-v' '-o' 'CMakeFiles/cmTC_a3590.dir/CMakeCCompilerABI.c.obj' '-c']
  ignore line: [[2/2] Linking C executable cmTC_a3590]
  ignore line: [Using built-in specs.]
  ignore line: [COLLECT_GCC=/Users/baohan/ErBW_s/Code/Toolchains/xpack-riscv-none-embed-gcc-8.2.0/bin/riscv-none-embed-gcc]
  ignore line: [COLLECT_LTO_WRAPPER=/Users/baohan/ErBW_s/Code/Toolchains/xpack-riscv-none-embed-gcc-8.2.0/bin/../libexec/gcc/riscv-none-embed/8.2.0/lto-wrapper]
  ignore line: [Target: riscv-none-embed]
  ignore line: [Configured with: /Users/wch/Work/riscv-none-embed-gcc-10.2.0-1.2/darwin-x64/sources/riscv-gcc-10.2.0-1.1/configure --prefix=/Users/wch/Work/riscv-none-embed-gcc-10.2.0-1.2/darwin-x64/install/riscv-none-embed-gcc --infodir=/Users/wch/Work/riscv-none-embed-gcc-10.2.0-1.2/darwin-x64/install/riscv-none-embed-gcc/share/doc/info --mandir=/Users/wch/Work/riscv-none-embed-gcc-10.2.0-1.2/darwin-x64/install/riscv-none-embed-gcc/share/doc/man --htmldir=/Users/wch/Work/riscv-none-embed-gcc-10.2.0-1.2/darwin-x64/install/riscv-none-embed-gcc/share/doc/html --pdfdir=/Users/wch/Work/riscv-none-embed-gcc-10.2.0-1.2/darwin-x64/install/riscv-none-embed-gcc/share/doc/pdf --build=x86_64-apple-darwin17.7.0 --host=x86_64-apple-darwin17.7.0 --target=riscv-none-embed --with-pkgversion='xPack GNU RISC-V Embedded GCC x86_64' --with-bugurl=https://github.com/sifive/freedom-tools/issues/ --enable-languages=c,c++ --disable-mingw-wildcard --enable-plugins --enable-lto --enable-checking=yes --disable-tls --disable-decimal-float --disable-libffi --disable-libgomp --disable-libmudflap --disable-libquadmath --disable-libssp --disable-libstdcxx-pch --disable-nls --disable-threads --with-gnu-as --with-gnu-ld --with-newlib --with-headers=yes --with-python-dir=share/gcc-riscv-none-embed --with-sysroot=/Users/wch/Work/riscv-none-embed-gcc-10.2.0-1.2/darwin-x64/install/riscv-none-embed-gcc/riscv-none-embed --with-native-system-header-dir=/include --with-abi=ilp32 --with-arch=rv32imac --disable-build-format-warnings --with-system-zlib]
  ignore line: [Thread model: single]
  ignore line: [gcc version 8.2.0 (xPack GNU RISC-V Embedded GCC x86_64) ]
  ignore line: [COMPILER_PATH=/Users/baohan/ErBW_s/Code/Toolchains/xpack-riscv-none-embed-gcc-8.2.0/bin/../libexec/gcc/riscv-none-embed/8.2.0/:/Users/baohan/ErBW_s/Code/Toolchains/xpack-riscv-none-embed-gcc-8.2.0/bin/../libexec/gcc/:/Users/baohan/ErBW_s/Code/Toolchains/xpack-riscv-none-embed-gcc-8.2.0/bin/../lib/gcc/riscv-none-embed/8.2.0/../../../../riscv-none-embed/bin/]
  ignore line: [LIBRARY_PATH=/Users/baohan/ErBW_s/Code/Toolchains/xpack-riscv-none-embed-gcc-8.2.0/bin/../lib/gcc/riscv-none-embed/8.2.0/rv32im/ilp32/:/Users/baohan/ErBW_s/Code/Toolchains/xpack-riscv-none-embed-gcc-8.2.0/bin/../lib/gcc/riscv-none-embed/8.2.0/../../../../riscv-none-embed/lib/rv32im/ilp32/:/Users/baohan/ErBW_s/Code/Toolchains/xpack-riscv-none-embed-gcc-8.2.0/bin/../riscv-none-embed/lib/rv32im/ilp32/:/Users/baohan/ErBW_s/Code/Toolchains/xpack-riscv-none-embed-gcc-8.2.0/bin/../lib/gcc/riscv-none-embed/8.2.0/:/Users/baohan/ErBW_s/Code/Toolchains/xpack-riscv-none-embed-gcc-8.2.0/bin/../lib/gcc/:/Users/baohan/ErBW_s/Code/Toolchains/xpack-riscv-none-embed-gcc-8.2.0/bin/../lib/gcc/riscv-none-embed/8.2.0/../../../../riscv-none-embed/lib/:/Users/baohan/ErBW_s/Code/Toolchains/xpack-riscv-none-embed-gcc-8.2.0/bin/../riscv-none-embed/lib/]
  ignore line: [COLLECT_GCC_OPTIONS='-mcmodel=medany' '-march=rv32imc' '-mabi=ilp32' '-D' '_USE_LONG_TIME_T' '-O0' '-mcmodel=medany' '-march=rv32imc' '-mabi=ilp32' '-msave-restore' '-nostartfiles' '-T' '/Users/baohan/ErBW_s/Projects/CH32-Bike-Overland/2.Firmware/2.BLDC/link.lds' '-v' '-o' 'cmTC_a3590']
  link line: [ /Users/baohan/ErBW_s/Code/Toolchains/xpack-riscv-none-embed-gcc-8.2.0/bin/../libexec/gcc/riscv-none-embed/8.2.0/collect2 -plugin /Users/baohan/ErBW_s/Code/Toolchains/xpack-riscv-none-embed-gcc-8.2.0/bin/../libexec/gcc/riscv-none-embed/8.2.0/liblto_plugin.so -plugin-opt=/Users/baohan/ErBW_s/Code/Toolchains/xpack-riscv-none-embed-gcc-8.2.0/bin/../libexec/gcc/riscv-none-embed/8.2.0/lto-wrapper -plugin-opt=-fresolution=/var/folders/8b/ck38908s4pq3gnj871z1n0sr0000gn/T//cciabeEd.res -plugin-opt=-pass-through=-lgcc -plugin-opt=-pass-through=-lgcc -plugin-opt=-pass-through=-lg -plugin-opt=-pass-through=-lc -plugin-opt=-pass-through=-lgcc --sysroot=/Users/baohan/ErBW_s/Code/Toolchains/xpack-riscv-none-embed-gcc-8.2.0/bin/../riscv-none-embed -melf32lriscv -o cmTC_a3590 -L/Users/baohan/ErBW_s/Code/Toolchains/xpack-riscv-none-embed-gcc-8.2.0/bin/../lib/gcc/riscv-none-embed/8.2.0/rv32im/ilp32 -L/Users/baohan/ErBW_s/Code/Toolchains/xpack-riscv-none-embed-gcc-8.2.0/bin/../lib/gcc/riscv-none-embed/8.2.0/../../../../riscv-none-embed/lib/rv32im/ilp32 -L/Users/baohan/ErBW_s/Code/Toolchains/xpack-riscv-none-embed-gcc-8.2.0/bin/../riscv-none-embed/lib/rv32im/ilp32 -L/Users/baohan/ErBW_s/Code/Toolchains/xpack-riscv-none-embed-gcc-8.2.0/bin/../lib/gcc/riscv-none-embed/8.2.0 -L/Users/baohan/ErBW_s/Code/Toolchains/xpack-riscv-none-embed-gcc-8.2.0/bin/../lib/gcc -L/Users/baohan/ErBW_s/Code/Toolchains/xpack-riscv-none-embed-gcc-8.2.0/bin/../lib/gcc/riscv-none-embed/8.2.0/../../../../riscv-none-embed/lib -L/Users/baohan/ErBW_s/Code/Toolchains/xpack-riscv-none-embed-gcc-8.2.0/bin/../riscv-none-embed/lib --gc-sections -Map=rtthread.map -cref -u _start CMakeFiles/cmTC_a3590.dir/CMakeCCompilerABI.c.obj -lgcc --start-group -lgcc -lg -lc --end-group -lgcc -T /Users/baohan/ErBW_s/Projects/CH32-Bike-Overland/2.Firmware/2.BLDC/link.lds]
    arg [/Users/baohan/ErBW_s/Code/Toolchains/xpack-riscv-none-embed-gcc-8.2.0/bin/../libexec/gcc/riscv-none-embed/8.2.0/collect2] ==> ignore
    arg [-plugin] ==> ignore
    arg [/Users/baohan/ErBW_s/Code/Toolchains/xpack-riscv-none-embed-gcc-8.2.0/bin/../libexec/gcc/riscv-none-embed/8.2.0/liblto_plugin.so] ==> ignore
    arg [-plugin-opt=/Users/baohan/ErBW_s/Code/Toolchains/xpack-riscv-none-embed-gcc-8.2.0/bin/../libexec/gcc/riscv-none-embed/8.2.0/lto-wrapper] ==> ignore
    arg [-plugin-opt=-fresolution=/var/folders/8b/ck38908s4pq3gnj871z1n0sr0000gn/T//cciabeEd.res] ==> ignore
    arg [-plugin-opt=-pass-through=-lgcc] ==> ignore
    arg [-plugin-opt=-pass-through=-lgcc] ==> ignore
    arg [-plugin-opt=-pass-through=-lg] ==> ignore
    arg [-plugin-opt=-pass-through=-lc] ==> ignore
    arg [-plugin-opt=-pass-through=-lgcc] ==> ignore
    arg [--sysroot=/Users/baohan/ErBW_s/Code/Toolchains/xpack-riscv-none-embed-gcc-8.2.0/bin/../riscv-none-embed] ==> ignore
    arg [-melf32lriscv] ==> ignore
    arg [-o] ==> ignore
    arg [cmTC_a3590] ==> ignore
    arg [-L/Users/baohan/ErBW_s/Code/Toolchains/xpack-riscv-none-embed-gcc-8.2.0/bin/../lib/gcc/riscv-none-embed/8.2.0/rv32im/ilp32] ==> dir [/Users/baohan/ErBW_s/Code/Toolchains/xpack-riscv-none-embed-gcc-8.2.0/bin/../lib/gcc/riscv-none-embed/8.2.0/rv32im/ilp32]
    arg [-L/Users/baohan/ErBW_s/Code/Toolchains/xpack-riscv-none-embed-gcc-8.2.0/bin/../lib/gcc/riscv-none-embed/8.2.0/../../../../riscv-none-embed/lib/rv32im/ilp32] ==> dir [/Users/baohan/ErBW_s/Code/Toolchains/xpack-riscv-none-embed-gcc-8.2.0/bin/../lib/gcc/riscv-none-embed/8.2.0/../../../../riscv-none-embed/lib/rv32im/ilp32]
    arg [-L/Users/baohan/ErBW_s/Code/Toolchains/xpack-riscv-none-embed-gcc-8.2.0/bin/../riscv-none-embed/lib/rv32im/ilp32] ==> dir [/Users/baohan/ErBW_s/Code/Toolchains/xpack-riscv-none-embed-gcc-8.2.0/bin/../riscv-none-embed/lib/rv32im/ilp32]
    arg [-L/Users/baohan/ErBW_s/Code/Toolchains/xpack-riscv-none-embed-gcc-8.2.0/bin/../lib/gcc/riscv-none-embed/8.2.0] ==> dir [/Users/baohan/ErBW_s/Code/Toolchains/xpack-riscv-none-embed-gcc-8.2.0/bin/../lib/gcc/riscv-none-embed/8.2.0]
    arg [-L/Users/baohan/ErBW_s/Code/Toolchains/xpack-riscv-none-embed-gcc-8.2.0/bin/../lib/gcc] ==> dir [/Users/baohan/ErBW_s/Code/Toolchains/xpack-riscv-none-embed-gcc-8.2.0/bin/../lib/gcc]
    arg [-L/Users/baohan/ErBW_s/Code/Toolchains/xpack-riscv-none-embed-gcc-8.2.0/bin/../lib/gcc/riscv-none-embed/8.2.0/../../../../riscv-none-embed/lib] ==> dir [/Users/baohan/ErBW_s/Code/Toolchains/xpack-riscv-none-embed-gcc-8.2.0/bin/../lib/gcc/riscv-none-embed/8.2.0/../../../../riscv-none-embed/lib]
    arg [-L/Users/baohan/ErBW_s/Code/Toolchains/xpack-riscv-none-embed-gcc-8.2.0/bin/../riscv-none-embed/lib] ==> dir [/Users/baohan/ErBW_s/Code/Toolchains/xpack-riscv-none-embed-gcc-8.2.0/bin/../riscv-none-embed/lib]
    arg [--gc-sections] ==> ignore
    arg [-Map=rtthread.map] ==> ignore
    arg [-cref] ==> ignore
    arg [-u] ==> ignore
    arg [_start] ==> ignore
    arg [CMakeFiles/cmTC_a3590.dir/CMakeCCompilerABI.c.obj] ==> ignore
    arg [-lgcc] ==> lib [gcc]
    arg [--start-group] ==> ignore
    arg [-lgcc] ==> lib [gcc]
    arg [-lg] ==> lib [g]
    arg [-lc] ==> lib [c]
    arg [--end-group] ==> ignore
    arg [-lgcc] ==> lib [gcc]
    arg [-T] ==> ignore
    arg [/Users/baohan/ErBW_s/Projects/CH32-Bike-Overland/2.Firmware/2.BLDC/link.lds] ==> ignore
  collapse library dir [/Users/baohan/ErBW_s/Code/Toolchains/xpack-riscv-none-embed-gcc-8.2.0/bin/../lib/gcc/riscv-none-embed/8.2.0/rv32im/ilp32] ==> [/Users/baohan/ErBW_s/Code/Toolchains/xpack-riscv-none-embed-gcc-8.2.0/lib/gcc/riscv-none-embed/8.2.0/rv32im/ilp32]
  collapse library dir [/Users/baohan/ErBW_s/Code/Toolchains/xpack-riscv-none-embed-gcc-8.2.0/bin/../lib/gcc/riscv-none-embed/8.2.0/../../../../riscv-none-embed/lib/rv32im/ilp32] ==> [/Users/baohan/ErBW_s/Code/Toolchains/xpack-riscv-none-embed-gcc-8.2.0/riscv-none-embed/lib/rv32im/ilp32]
  collapse library dir [/Users/baohan/ErBW_s/Code/Toolchains/xpack-riscv-none-embed-gcc-8.2.0/bin/../riscv-none-embed/lib/rv32im/ilp32] ==> [/Users/baohan/ErBW_s/Code/Toolchains/xpack-riscv-none-embed-gcc-8.2.0/riscv-none-embed/lib/rv32im/ilp32]
  collapse library dir [/Users/baohan/ErBW_s/Code/Toolchains/xpack-riscv-none-embed-gcc-8.2.0/bin/../lib/gcc/riscv-none-embed/8.2.0] ==> [/Users/baohan/ErBW_s/Code/Toolchains/xpack-riscv-none-embed-gcc-8.2.0/lib/gcc/riscv-none-embed/8.2.0]
  collapse library dir [/Users/baohan/ErBW_s/Code/Toolchains/xpack-riscv-none-embed-gcc-8.2.0/bin/../lib/gcc] ==> [/Users/baohan/ErBW_s/Code/Toolchains/xpack-riscv-none-embed-gcc-8.2.0/lib/gcc]
  collapse library dir [/Users/baohan/ErBW_s/Code/Toolchains/xpack-riscv-none-embed-gcc-8.2.0/bin/../lib/gcc/riscv-none-embed/8.2.0/../../../../riscv-none-embed/lib] ==> [/Users/baohan/ErBW_s/Code/Toolchains/xpack-riscv-none-embed-gcc-8.2.0/riscv-none-embed/lib]
  collapse library dir [/Users/baohan/ErBW_s/Code/Toolchains/xpack-riscv-none-embed-gcc-8.2.0/bin/../riscv-none-embed/lib] ==> [/Users/baohan/ErBW_s/Code/Toolchains/xpack-riscv-none-embed-gcc-8.2.0/riscv-none-embed/lib]
  implicit libs: [gcc;gcc;g;c;gcc]
  implicit objs: []
  implicit dirs: [/Users/baohan/ErBW_s/Code/Toolchains/xpack-riscv-none-embed-gcc-8.2.0/lib/gcc/riscv-none-embed/8.2.0/rv32im/ilp32;/Users/baohan/ErBW_s/Code/Toolchains/xpack-riscv-none-embed-gcc-8.2.0/riscv-none-embed/lib/rv32im/ilp32;/Users/baohan/ErBW_s/Code/Toolchains/xpack-riscv-none-embed-gcc-8.2.0/lib/gcc/riscv-none-embed/8.2.0;/Users/baohan/ErBW_s/Code/Toolchains/xpack-riscv-none-embed-gcc-8.2.0/lib/gcc;/Users/baohan/ErBW_s/Code/Toolchains/xpack-riscv-none-embed-gcc-8.2.0/riscv-none-embed/lib]
  implicit fwks: []


Detecting CXX compiler ABI info compiled with the following output:
Change Dir: /Users/baohan/ErBW_s/Projects/CH32-Bike-Overland/2.Firmware/2.BLDC/cmake-build-debug/CMakeFiles/CMakeScratch/TryCompile-MjmO3q

Run Build Command(s):/Users/baohan/Library/Application Support/JetBrains/Toolbox/apps/CLion/ch-0/231.8109.141/CLion 2023.1 EAP.app/Contents/bin/ninja/mac/ninja cmTC_0fa03 && [1/2] Building CXX object CMakeFiles/cmTC_0fa03.dir/CMakeCXXCompilerABI.cpp.obj
Using built-in specs.
COLLECT_GCC=/Users/baohan/ErBW_s/Code/Toolchains/xpack-riscv-none-embed-gcc-8.2.0/bin/riscv-none-embed-g++
Target: riscv-none-embed
Configured with: /Users/wch/Work/riscv-none-embed-gcc-10.2.0-1.2/darwin-x64/sources/riscv-gcc-10.2.0-1.1/configure --prefix=/Users/wch/Work/riscv-none-embed-gcc-10.2.0-1.2/darwin-x64/install/riscv-none-embed-gcc --infodir=/Users/wch/Work/riscv-none-embed-gcc-10.2.0-1.2/darwin-x64/install/riscv-none-embed-gcc/share/doc/info --mandir=/Users/wch/Work/riscv-none-embed-gcc-10.2.0-1.2/darwin-x64/install/riscv-none-embed-gcc/share/doc/man --htmldir=/Users/wch/Work/riscv-none-embed-gcc-10.2.0-1.2/darwin-x64/install/riscv-none-embed-gcc/share/doc/html --pdfdir=/Users/wch/Work/riscv-none-embed-gcc-10.2.0-1.2/darwin-x64/install/riscv-none-embed-gcc/share/doc/pdf --build=x86_64-apple-darwin17.7.0 --host=x86_64-apple-darwin17.7.0 --target=riscv-none-embed --with-pkgversion='xPack GNU RISC-V Embedded GCC x86_64' --with-bugurl=https://github.com/sifive/freedom-tools/issues/ --enable-languages=c,c++ --disable-mingw-wildcard --enable-plugins --enable-lto --enable-checking=yes --disable-tls --disable-decimal-float --disable-libffi --disable-libgomp --disable-libmudflap --disable-libquadmath --disable-libssp --disable-libstdcxx-pch --disable-nls --disable-threads --with-gnu-as --with-gnu-ld --with-newlib --with-headers=yes --with-python-dir=share/gcc-riscv-none-embed --with-sysroot=/Users/wch/Work/riscv-none-embed-gcc-10.2.0-1.2/darwin-x64/install/riscv-none-embed-gcc/riscv-none-embed --with-native-system-header-dir=/include --with-abi=ilp32 --with-arch=rv32imac --disable-build-format-warnings --with-system-zlib
Thread model: single
gcc version 8.2.0 (xPack GNU RISC-V Embedded GCC x86_64) 
COLLECT_GCC_OPTIONS='-fdiagnostics-color=always' '-mcmodel=medany' '-march=rv32imc' '-mabi=ilp32' '-msave-restore' '-D' '_USE_LONG_TIME_T' '-O0' '-v' '-std=gnu++14' '-o' 'CMakeFiles/cmTC_0fa03.dir/CMakeCXXCompilerABI.cpp.obj' '-c'
 /Users/baohan/ErBW_s/Code/Toolchains/xpack-riscv-none-embed-gcc-8.2.0/bin/../libexec/gcc/riscv-none-embed/8.2.0/cc1plus -quiet -v -imultilib rv32im/ilp32 -iprefix /Users/baohan/ErBW_s/Code/Toolchains/xpack-riscv-none-embed-gcc-8.2.0/bin/../lib/gcc/riscv-none-embed/8.2.0/ -isysroot /Users/baohan/ErBW_s/Code/Toolchains/xpack-riscv-none-embed-gcc-8.2.0/bin/../riscv-none-embed -D _USE_LONG_TIME_T /Users/baohan/Library/Application Support/JetBrains/Toolbox/apps/CLion/ch-0/231.8109.141/CLion 2023.1 EAP.app/Contents/bin/cmake/mac/share/cmake-3.25/Modules/CMakeCXXCompilerABI.cpp -quiet -dumpbase CMakeCXXCompilerABI.cpp -mcmodel=medany -march=rv32imc -mabi=ilp32 -msave-restore -auxbase-strip CMakeFiles/cmTC_0fa03.dir/CMakeCXXCompilerABI.cpp.obj -O0 -std=gnu++14 -version -fdiagnostics-color=always -o /var/folders/8b/ck38908s4pq3gnj871z1n0sr0000gn/T//ccVhrNDb.s
GNU C++14 (xPack GNU RISC-V Embedded GCC x86_64) version 8.2.0 (riscv-none-embed)
	compiled by GNU C version 11.2.0, GMP version 6.1.2, MPFR version 3.1.6, MPC version 1.0.3, isl version isl-0.18-GMP

GGC heuristics: --param ggc-min-expand=30 --param ggc-min-heapsize=4096
ignoring duplicate directory "/Users/baohan/ErBW_s/Code/Toolchains/xpack-riscv-none-embed-gcc-8.2.0/bin/../lib/gcc/../../lib/gcc/riscv-none-embed/8.2.0/../../../../riscv-none-embed/include/c++/8.2.0"
ignoring duplicate directory "/Users/baohan/ErBW_s/Code/Toolchains/xpack-riscv-none-embed-gcc-8.2.0/bin/../lib/gcc/../../lib/gcc/riscv-none-embed/8.2.0/../../../../riscv-none-embed/include/c++/8.2.0/riscv-none-embed/rv32im/ilp32"
ignoring duplicate directory "/Users/baohan/ErBW_s/Code/Toolchains/xpack-riscv-none-embed-gcc-8.2.0/bin/../lib/gcc/../../lib/gcc/riscv-none-embed/8.2.0/../../../../riscv-none-embed/include/c++/8.2.0/backward"
ignoring duplicate directory "/Users/baohan/ErBW_s/Code/Toolchains/xpack-riscv-none-embed-gcc-8.2.0/bin/../lib/gcc/../../lib/gcc/riscv-none-embed/8.2.0/include"
ignoring nonexistent directory "/Users/baohan/ErBW_s/Code/Toolchains/xpack-riscv-none-embed-gcc-8.2.0/bin/../riscv-none-embed/usr/local/include"
ignoring duplicate directory "/Users/baohan/ErBW_s/Code/Toolchains/xpack-riscv-none-embed-gcc-8.2.0/bin/../lib/gcc/../../lib/gcc/riscv-none-embed/8.2.0/include-fixed"
ignoring duplicate directory "/Users/baohan/ErBW_s/Code/Toolchains/xpack-riscv-none-embed-gcc-8.2.0/bin/../lib/gcc/../../lib/gcc/riscv-none-embed/8.2.0/../../../../riscv-none-embed/include"
ignoring duplicate directory "/Users/baohan/ErBW_s/Code/Toolchains/xpack-riscv-none-embed-gcc-8.2.0/bin/../riscv-none-embed/include"
#include "..." search starts here:
#include <...> search starts here:
 /Users/baohan/ErBW_s/Code/Toolchains/xpack-riscv-none-embed-gcc-8.2.0/bin/../lib/gcc/riscv-none-embed/8.2.0/../../../../riscv-none-embed/include/c++/8.2.0
 /Users/baohan/ErBW_s/Code/Toolchains/xpack-riscv-none-embed-gcc-8.2.0/bin/../lib/gcc/riscv-none-embed/8.2.0/../../../../riscv-none-embed/include/c++/8.2.0/riscv-none-embed/rv32im/ilp32
 /Users/baohan/ErBW_s/Code/Toolchains/xpack-riscv-none-embed-gcc-8.2.0/bin/../lib/gcc/riscv-none-embed/8.2.0/../../../../riscv-none-embed/include/c++/8.2.0/backward
 /Users/baohan/ErBW_s/Code/Toolchains/xpack-riscv-none-embed-gcc-8.2.0/bin/../lib/gcc/riscv-none-embed/8.2.0/include
 /Users/baohan/ErBW_s/Code/Toolchains/xpack-riscv-none-embed-gcc-8.2.0/bin/../lib/gcc/riscv-none-embed/8.2.0/include-fixed
 /Users/baohan/ErBW_s/Code/Toolchains/xpack-riscv-none-embed-gcc-8.2.0/bin/../lib/gcc/riscv-none-embed/8.2.0/../../../../riscv-none-embed/include
End of search list.
GNU C++14 (xPack GNU RISC-V Embedded GCC x86_64) version 8.2.0 (riscv-none-embed)
	compiled by GNU C version 11.2.0, GMP version 6.1.2, MPFR version 3.1.6, MPC version 1.0.3, isl version isl-0.18-GMP

GGC heuristics: --param ggc-min-expand=30 --param ggc-min-heapsize=4096
Compiler executable checksum: 7096d90dd74158ad423ad54d7b76246a
COLLECT_GCC_OPTIONS='-fdiagnostics-color=always' '-mcmodel=medany' '-march=rv32imc' '-mabi=ilp32' '-msave-restore' '-D' '_USE_LONG_TIME_T' '-O0' '-v' '-std=gnu++14' '-o' 'CMakeFiles/cmTC_0fa03.dir/CMakeCXXCompilerABI.cpp.obj' '-c'
 /Users/baohan/ErBW_s/Code/Toolchains/xpack-riscv-none-embed-gcc-8.2.0/bin/../lib/gcc/riscv-none-embed/8.2.0/../../../../riscv-none-embed/bin/as -v --traditional-format -march=rv32imc -mabi=ilp32 -o CMakeFiles/cmTC_0fa03.dir/CMakeCXXCompilerABI.cpp.obj /var/folders/8b/ck38908s4pq3gnj871z1n0sr0000gn/T//ccVhrNDb.s
GNU assembler version 2.32 (riscv-none-embed) using BFD version (xPack GNU RISC-V Embedded GCC x86_64) 2.32
COMPILER_PATH=/Users/baohan/ErBW_s/Code/Toolchains/xpack-riscv-none-embed-gcc-8.2.0/bin/../libexec/gcc/riscv-none-embed/8.2.0/:/Users/baohan/ErBW_s/Code/Toolchains/xpack-riscv-none-embed-gcc-8.2.0/bin/../libexec/gcc/:/Users/baohan/ErBW_s/Code/Toolchains/xpack-riscv-none-embed-gcc-8.2.0/bin/../lib/gcc/riscv-none-embed/8.2.0/../../../../riscv-none-embed/bin/
LIBRARY_PATH=/Users/baohan/ErBW_s/Code/Toolchains/xpack-riscv-none-embed-gcc-8.2.0/bin/../lib/gcc/riscv-none-embed/8.2.0/rv32im/ilp32/:/Users/baohan/ErBW_s/Code/Toolchains/xpack-riscv-none-embed-gcc-8.2.0/bin/../lib/gcc/riscv-none-embed/8.2.0/../../../../riscv-none-embed/lib/rv32im/ilp32/:/Users/baohan/ErBW_s/Code/Toolchains/xpack-riscv-none-embed-gcc-8.2.0/bin/../riscv-none-embed/lib/rv32im/ilp32/:/Users/baohan/ErBW_s/Code/Toolchains/xpack-riscv-none-embed-gcc-8.2.0/bin/../lib/gcc/riscv-none-embed/8.2.0/:/Users/baohan/ErBW_s/Code/Toolchains/xpack-riscv-none-embed-gcc-8.2.0/bin/../lib/gcc/:/Users/baohan/ErBW_s/Code/Toolchains/xpack-riscv-none-embed-gcc-8.2.0/bin/../lib/gcc/riscv-none-embed/8.2.0/../../../../riscv-none-embed/lib/:/Users/baohan/ErBW_s/Code/Toolchains/xpack-riscv-none-embed-gcc-8.2.0/bin/../riscv-none-embed/lib/
COLLECT_GCC_OPTIONS='-fdiagnostics-color=always' '-mcmodel=medany' '-march=rv32imc' '-mabi=ilp32' '-msave-restore' '-D' '_USE_LONG_TIME_T' '-O0' '-v' '-std=gnu++14' '-o' 'CMakeFiles/cmTC_0fa03.dir/CMakeCXXCompilerABI.cpp.obj' '-c'
[2/2] Linking CXX executable cmTC_0fa03
Using built-in specs.
COLLECT_GCC=/Users/baohan/ErBW_s/Code/Toolchains/xpack-riscv-none-embed-gcc-8.2.0/bin/riscv-none-embed-g++
COLLECT_LTO_WRAPPER=/Users/baohan/ErBW_s/Code/Toolchains/xpack-riscv-none-embed-gcc-8.2.0/bin/../libexec/gcc/riscv-none-embed/8.2.0/lto-wrapper
Target: riscv-none-embed
Configured with: /Users/wch/Work/riscv-none-embed-gcc-10.2.0-1.2/darwin-x64/sources/riscv-gcc-10.2.0-1.1/configure --prefix=/Users/wch/Work/riscv-none-embed-gcc-10.2.0-1.2/darwin-x64/install/riscv-none-embed-gcc --infodir=/Users/wch/Work/riscv-none-embed-gcc-10.2.0-1.2/darwin-x64/install/riscv-none-embed-gcc/share/doc/info --mandir=/Users/wch/Work/riscv-none-embed-gcc-10.2.0-1.2/darwin-x64/install/riscv-none-embed-gcc/share/doc/man --htmldir=/Users/wch/Work/riscv-none-embed-gcc-10.2.0-1.2/darwin-x64/install/riscv-none-embed-gcc/share/doc/html --pdfdir=/Users/wch/Work/riscv-none-embed-gcc-10.2.0-1.2/darwin-x64/install/riscv-none-embed-gcc/share/doc/pdf --build=x86_64-apple-darwin17.7.0 --host=x86_64-apple-darwin17.7.0 --target=riscv-none-embed --with-pkgversion='xPack GNU RISC-V Embedded GCC x86_64' --with-bugurl=https://github.com/sifive/freedom-tools/issues/ --enable-languages=c,c++ --disable-mingw-wildcard --enable-plugins --enable-lto --enable-checking=yes --disable-tls --disable-decimal-float --disable-libffi --disable-libgomp --disable-libmudflap --disable-libquadmath --disable-libssp --disable-libstdcxx-pch --disable-nls --disable-threads --with-gnu-as --with-gnu-ld --with-newlib --with-headers=yes --with-python-dir=share/gcc-riscv-none-embed --with-sysroot=/Users/wch/Work/riscv-none-embed-gcc-10.2.0-1.2/darwin-x64/install/riscv-none-embed-gcc/riscv-none-embed --with-native-system-header-dir=/include --with-abi=ilp32 --with-arch=rv32imac --disable-build-format-warnings --with-system-zlib
Thread model: single
gcc version 8.2.0 (xPack GNU RISC-V Embedded GCC x86_64) 
COMPILER_PATH=/Users/baohan/ErBW_s/Code/Toolchains/xpack-riscv-none-embed-gcc-8.2.0/bin/../libexec/gcc/riscv-none-embed/8.2.0/:/Users/baohan/ErBW_s/Code/Toolchains/xpack-riscv-none-embed-gcc-8.2.0/bin/../libexec/gcc/:/Users/baohan/ErBW_s/Code/Toolchains/xpack-riscv-none-embed-gcc-8.2.0/bin/../lib/gcc/riscv-none-embed/8.2.0/../../../../riscv-none-embed/bin/
LIBRARY_PATH=/Users/baohan/ErBW_s/Code/Toolchains/xpack-riscv-none-embed-gcc-8.2.0/bin/../lib/gcc/riscv-none-embed/8.2.0/rv32im/ilp32/:/Users/baohan/ErBW_s/Code/Toolchains/xpack-riscv-none-embed-gcc-8.2.0/bin/../lib/gcc/riscv-none-embed/8.2.0/../../../../riscv-none-embed/lib/rv32im/ilp32/:/Users/baohan/ErBW_s/Code/Toolchains/xpack-riscv-none-embed-gcc-8.2.0/bin/../riscv-none-embed/lib/rv32im/ilp32/:/Users/baohan/ErBW_s/Code/Toolchains/xpack-riscv-none-embed-gcc-8.2.0/bin/../lib/gcc/riscv-none-embed/8.2.0/:/Users/baohan/ErBW_s/Code/Toolchains/xpack-riscv-none-embed-gcc-8.2.0/bin/../lib/gcc/:/Users/baohan/ErBW_s/Code/Toolchains/xpack-riscv-none-embed-gcc-8.2.0/bin/../lib/gcc/riscv-none-embed/8.2.0/../../../../riscv-none-embed/lib/:/Users/baohan/ErBW_s/Code/Toolchains/xpack-riscv-none-embed-gcc-8.2.0/bin/../riscv-none-embed/lib/
COLLECT_GCC_OPTIONS='-mcmodel=medany' '-march=rv32imc' '-mabi=ilp32' '-D' '_USE_LONG_TIME_T' '-O0' '-mcmodel=medany' '-march=rv32imc' '-mabi=ilp32' '-msave-restore' '-nostartfiles' '-T' '/Users/baohan/ErBW_s/Projects/CH32-Bike-Overland/2.Firmware/2.BLDC/link.lds' '-v' '-o' 'cmTC_0fa03'
 /Users/baohan/ErBW_s/Code/Toolchains/xpack-riscv-none-embed-gcc-8.2.0/bin/../libexec/gcc/riscv-none-embed/8.2.0/collect2 -plugin /Users/baohan/ErBW_s/Code/Toolchains/xpack-riscv-none-embed-gcc-8.2.0/bin/../libexec/gcc/riscv-none-embed/8.2.0/liblto_plugin.so -plugin-opt=/Users/baohan/ErBW_s/Code/Toolchains/xpack-riscv-none-embed-gcc-8.2.0/bin/../libexec/gcc/riscv-none-embed/8.2.0/lto-wrapper -plugin-opt=-fresolution=/var/folders/8b/ck38908s4pq3gnj871z1n0sr0000gn/T//cc9ichyH.res -plugin-opt=-pass-through=-lgcc -plugin-opt=-pass-through=-lgcc -plugin-opt=-pass-through=-lg -plugin-opt=-pass-through=-lc -plugin-opt=-pass-through=-lgcc --sysroot=/Users/baohan/ErBW_s/Code/Toolchains/xpack-riscv-none-embed-gcc-8.2.0/bin/../riscv-none-embed -melf32lriscv -o cmTC_0fa03 -L/Users/baohan/ErBW_s/Code/Toolchains/xpack-riscv-none-embed-gcc-8.2.0/bin/../lib/gcc/riscv-none-embed/8.2.0/rv32im/ilp32 -L/Users/baohan/ErBW_s/Code/Toolchains/xpack-riscv-none-embed-gcc-8.2.0/bin/../lib/gcc/riscv-none-embed/8.2.0/../../../../riscv-none-embed/lib/rv32im/ilp32 -L/Users/baohan/ErBW_s/Code/Toolchains/xpack-riscv-none-embed-gcc-8.2.0/bin/../riscv-none-embed/lib/rv32im/ilp32 -L/Users/baohan/ErBW_s/Code/Toolchains/xpack-riscv-none-embed-gcc-8.2.0/bin/../lib/gcc/riscv-none-embed/8.2.0 -L/Users/baohan/ErBW_s/Code/Toolchains/xpack-riscv-none-embed-gcc-8.2.0/bin/../lib/gcc -L/Users/baohan/ErBW_s/Code/Toolchains/xpack-riscv-none-embed-gcc-8.2.0/bin/../lib/gcc/riscv-none-embed/8.2.0/../../../../riscv-none-embed/lib -L/Users/baohan/ErBW_s/Code/Toolchains/xpack-riscv-none-embed-gcc-8.2.0/bin/../riscv-none-embed/lib --gc-sections -Map=rtthread.map -cref -u _start CMakeFiles/cmTC_0fa03.dir/CMakeCXXCompilerABI.cpp.obj -lstdc++ -lm -lgcc --start-group -lgcc -lg -lc --end-group -lgcc -T /Users/baohan/ErBW_s/Projects/CH32-Bike-Overland/2.Firmware/2.BLDC/link.lds
/Users/baohan/ErBW_s/Code/Toolchains/xpack-riscv-none-embed-gcc-8.2.0/bin/../lib/gcc/riscv-none-embed/8.2.0/../../../../riscv-none-embed/bin/ld: warning: cannot find entry symbol _start; defaulting to 0000000000000000
COLLECT_GCC_OPTIONS='-mcmodel=medany' '-march=rv32imc' '-mabi=ilp32' '-D' '_USE_LONG_TIME_T' '-O0' '-mcmodel=medany' '-march=rv32imc' '-mabi=ilp32' '-msave-restore' '-nostartfiles' '-T' '/Users/baohan/ErBW_s/Projects/CH32-Bike-Overland/2.Firmware/2.BLDC/link.lds' '-v' '-o' 'cmTC_0fa03'



Parsed CXX implicit include dir info from above output: rv=done
  found start of include info
  found start of implicit include info
    add: [/Users/baohan/ErBW_s/Code/Toolchains/xpack-riscv-none-embed-gcc-8.2.0/bin/../lib/gcc/riscv-none-embed/8.2.0/../../../../riscv-none-embed/include/c++/8.2.0]
    add: [/Users/baohan/ErBW_s/Code/Toolchains/xpack-riscv-none-embed-gcc-8.2.0/bin/../lib/gcc/riscv-none-embed/8.2.0/../../../../riscv-none-embed/include/c++/8.2.0/riscv-none-embed/rv32im/ilp32]
    add: [/Users/baohan/ErBW_s/Code/Toolchains/xpack-riscv-none-embed-gcc-8.2.0/bin/../lib/gcc/riscv-none-embed/8.2.0/../../../../riscv-none-embed/include/c++/8.2.0/backward]
    add: [/Users/baohan/ErBW_s/Code/Toolchains/xpack-riscv-none-embed-gcc-8.2.0/bin/../lib/gcc/riscv-none-embed/8.2.0/include]
    add: [/Users/baohan/ErBW_s/Code/Toolchains/xpack-riscv-none-embed-gcc-8.2.0/bin/../lib/gcc/riscv-none-embed/8.2.0/include-fixed]
    add: [/Users/baohan/ErBW_s/Code/Toolchains/xpack-riscv-none-embed-gcc-8.2.0/bin/../lib/gcc/riscv-none-embed/8.2.0/../../../../riscv-none-embed/include]
  end of search list found
  collapse include dir [/Users/baohan/ErBW_s/Code/Toolchains/xpack-riscv-none-embed-gcc-8.2.0/bin/../lib/gcc/riscv-none-embed/8.2.0/../../../../riscv-none-embed/include/c++/8.2.0] ==> [/Users/baohan/ErBW_s/Code/Toolchains/xpack-riscv-none-embed-gcc-8.2.0/riscv-none-embed/include/c++/8.2.0]
  collapse include dir [/Users/baohan/ErBW_s/Code/Toolchains/xpack-riscv-none-embed-gcc-8.2.0/bin/../lib/gcc/riscv-none-embed/8.2.0/../../../../riscv-none-embed/include/c++/8.2.0/riscv-none-embed/rv32im/ilp32] ==> [/Users/baohan/ErBW_s/Code/Toolchains/xpack-riscv-none-embed-gcc-8.2.0/riscv-none-embed/include/c++/8.2.0/riscv-none-embed/rv32im/ilp32]
  collapse include dir [/Users/baohan/ErBW_s/Code/Toolchains/xpack-riscv-none-embed-gcc-8.2.0/bin/../lib/gcc/riscv-none-embed/8.2.0/../../../../riscv-none-embed/include/c++/8.2.0/backward] ==> [/Users/baohan/ErBW_s/Code/Toolchains/xpack-riscv-none-embed-gcc-8.2.0/riscv-none-embed/include/c++/8.2.0/backward]
  collapse include dir [/Users/baohan/ErBW_s/Code/Toolchains/xpack-riscv-none-embed-gcc-8.2.0/bin/../lib/gcc/riscv-none-embed/8.2.0/include] ==> [/Users/baohan/ErBW_s/Code/Toolchains/xpack-riscv-none-embed-gcc-8.2.0/lib/gcc/riscv-none-embed/8.2.0/include]
  collapse include dir [/Users/baohan/ErBW_s/Code/Toolchains/xpack-riscv-none-embed-gcc-8.2.0/bin/../lib/gcc/riscv-none-embed/8.2.0/include-fixed] ==> [/Users/baohan/ErBW_s/Code/Toolchains/xpack-riscv-none-embed-gcc-8.2.0/lib/gcc/riscv-none-embed/8.2.0/include-fixed]
  collapse include dir [/Users/baohan/ErBW_s/Code/Toolchains/xpack-riscv-none-embed-gcc-8.2.0/bin/../lib/gcc/riscv-none-embed/8.2.0/../../../../riscv-none-embed/include] ==> [/Users/baohan/ErBW_s/Code/Toolchains/xpack-riscv-none-embed-gcc-8.2.0/riscv-none-embed/include]
  implicit include dirs: [/Users/baohan/ErBW_s/Code/Toolchains/xpack-riscv-none-embed-gcc-8.2.0/riscv-none-embed/include/c++/8.2.0;/Users/baohan/ErBW_s/Code/Toolchains/xpack-riscv-none-embed-gcc-8.2.0/riscv-none-embed/include/c++/8.2.0/riscv-none-embed/rv32im/ilp32;/Users/baohan/ErBW_s/Code/Toolchains/xpack-riscv-none-embed-gcc-8.2.0/riscv-none-embed/include/c++/8.2.0/backward;/Users/baohan/ErBW_s/Code/Toolchains/xpack-riscv-none-embed-gcc-8.2.0/lib/gcc/riscv-none-embed/8.2.0/include;/Users/baohan/ErBW_s/Code/Toolchains/xpack-riscv-none-embed-gcc-8.2.0/lib/gcc/riscv-none-embed/8.2.0/include-fixed;/Users/baohan/ErBW_s/Code/Toolchains/xpack-riscv-none-embed-gcc-8.2.0/riscv-none-embed/include]


Parsed CXX implicit link information from above output:
  link line regex: [^( *|.*[/\])(riscv-none-embed-ld|CMAKE_LINK_STARTFILE-NOTFOUND|([^/\]+-)?ld|collect2)[^/\]*( |$)]
  ignore line: [Change Dir: /Users/baohan/ErBW_s/Projects/CH32-Bike-Overland/2.Firmware/2.BLDC/cmake-build-debug/CMakeFiles/CMakeScratch/TryCompile-MjmO3q]
  ignore line: []
  ignore line: [Run Build Command(s):/Users/baohan/Library/Application Support/JetBrains/Toolbox/apps/CLion/ch-0/231.8109.141/CLion 2023.1 EAP.app/Contents/bin/ninja/mac/ninja cmTC_0fa03 && [1/2] Building CXX object CMakeFiles/cmTC_0fa03.dir/CMakeCXXCompilerABI.cpp.obj]
  ignore line: [Using built-in specs.]
  ignore line: [COLLECT_GCC=/Users/baohan/ErBW_s/Code/Toolchains/xpack-riscv-none-embed-gcc-8.2.0/bin/riscv-none-embed-g++]
  ignore line: [Target: riscv-none-embed]
  ignore line: [Configured with: /Users/wch/Work/riscv-none-embed-gcc-10.2.0-1.2/darwin-x64/sources/riscv-gcc-10.2.0-1.1/configure --prefix=/Users/wch/Work/riscv-none-embed-gcc-10.2.0-1.2/darwin-x64/install/riscv-none-embed-gcc --infodir=/Users/wch/Work/riscv-none-embed-gcc-10.2.0-1.2/darwin-x64/install/riscv-none-embed-gcc/share/doc/info --mandir=/Users/wch/Work/riscv-none-embed-gcc-10.2.0-1.2/darwin-x64/install/riscv-none-embed-gcc/share/doc/man --htmldir=/Users/wch/Work/riscv-none-embed-gcc-10.2.0-1.2/darwin-x64/install/riscv-none-embed-gcc/share/doc/html --pdfdir=/Users/wch/Work/riscv-none-embed-gcc-10.2.0-1.2/darwin-x64/install/riscv-none-embed-gcc/share/doc/pdf --build=x86_64-apple-darwin17.7.0 --host=x86_64-apple-darwin17.7.0 --target=riscv-none-embed --with-pkgversion='xPack GNU RISC-V Embedded GCC x86_64' --with-bugurl=https://github.com/sifive/freedom-tools/issues/ --enable-languages=c,c++ --disable-mingw-wildcard --enable-plugins --enable-lto --enable-checking=yes --disable-tls --disable-decimal-float --disable-libffi --disable-libgomp --disable-libmudflap --disable-libquadmath --disable-libssp --disable-libstdcxx-pch --disable-nls --disable-threads --with-gnu-as --with-gnu-ld --with-newlib --with-headers=yes --with-python-dir=share/gcc-riscv-none-embed --with-sysroot=/Users/wch/Work/riscv-none-embed-gcc-10.2.0-1.2/darwin-x64/install/riscv-none-embed-gcc/riscv-none-embed --with-native-system-header-dir=/include --with-abi=ilp32 --with-arch=rv32imac --disable-build-format-warnings --with-system-zlib]
  ignore line: [Thread model: single]
  ignore line: [gcc version 8.2.0 (xPack GNU RISC-V Embedded GCC x86_64) ]
  ignore line: [COLLECT_GCC_OPTIONS='-fdiagnostics-color=always' '-mcmodel=medany' '-march=rv32imc' '-mabi=ilp32' '-msave-restore' '-D' '_USE_LONG_TIME_T' '-O0' '-v' '-std=gnu++14' '-o' 'CMakeFiles/cmTC_0fa03.dir/CMakeCXXCompilerABI.cpp.obj' '-c']
  ignore line: [ /Users/baohan/ErBW_s/Code/Toolchains/xpack-riscv-none-embed-gcc-8.2.0/bin/../libexec/gcc/riscv-none-embed/8.2.0/cc1plus -quiet -v -imultilib rv32im/ilp32 -iprefix /Users/baohan/ErBW_s/Code/Toolchains/xpack-riscv-none-embed-gcc-8.2.0/bin/../lib/gcc/riscv-none-embed/8.2.0/ -isysroot /Users/baohan/ErBW_s/Code/Toolchains/xpack-riscv-none-embed-gcc-8.2.0/bin/../riscv-none-embed -D _USE_LONG_TIME_T /Users/baohan/Library/Application Support/JetBrains/Toolbox/apps/CLion/ch-0/231.8109.141/CLion 2023.1 EAP.app/Contents/bin/cmake/mac/share/cmake-3.25/Modules/CMakeCXXCompilerABI.cpp -quiet -dumpbase CMakeCXXCompilerABI.cpp -mcmodel=medany -march=rv32imc -mabi=ilp32 -msave-restore -auxbase-strip CMakeFiles/cmTC_0fa03.dir/CMakeCXXCompilerABI.cpp.obj -O0 -std=gnu++14 -version -fdiagnostics-color=always -o /var/folders/8b/ck38908s4pq3gnj871z1n0sr0000gn/T//ccVhrNDb.s]
  ignore line: [GNU C++14 (xPack GNU RISC-V Embedded GCC x86_64) version 8.2.0 (riscv-none-embed)]
  ignore line: [	compiled by GNU C version 11.2.0  GMP version 6.1.2  MPFR version 3.1.6  MPC version 1.0.3  isl version isl-0.18-GMP]
  ignore line: []
  ignore line: [GGC heuristics: --param ggc-min-expand=30 --param ggc-min-heapsize=4096]
  ignore line: [ignoring duplicate directory "/Users/baohan/ErBW_s/Code/Toolchains/xpack-riscv-none-embed-gcc-8.2.0/bin/../lib/gcc/../../lib/gcc/riscv-none-embed/8.2.0/../../../../riscv-none-embed/include/c++/8.2.0"]
  ignore line: [ignoring duplicate directory "/Users/baohan/ErBW_s/Code/Toolchains/xpack-riscv-none-embed-gcc-8.2.0/bin/../lib/gcc/../../lib/gcc/riscv-none-embed/8.2.0/../../../../riscv-none-embed/include/c++/8.2.0/riscv-none-embed/rv32im/ilp32"]
  ignore line: [ignoring duplicate directory "/Users/baohan/ErBW_s/Code/Toolchains/xpack-riscv-none-embed-gcc-8.2.0/bin/../lib/gcc/../../lib/gcc/riscv-none-embed/8.2.0/../../../../riscv-none-embed/include/c++/8.2.0/backward"]
  ignore line: [ignoring duplicate directory "/Users/baohan/ErBW_s/Code/Toolchains/xpack-riscv-none-embed-gcc-8.2.0/bin/../lib/gcc/../../lib/gcc/riscv-none-embed/8.2.0/include"]
  ignore line: [ignoring nonexistent directory "/Users/baohan/ErBW_s/Code/Toolchains/xpack-riscv-none-embed-gcc-8.2.0/bin/../riscv-none-embed/usr/local/include"]
  ignore line: [ignoring duplicate directory "/Users/baohan/ErBW_s/Code/Toolchains/xpack-riscv-none-embed-gcc-8.2.0/bin/../lib/gcc/../../lib/gcc/riscv-none-embed/8.2.0/include-fixed"]
  ignore line: [ignoring duplicate directory "/Users/baohan/ErBW_s/Code/Toolchains/xpack-riscv-none-embed-gcc-8.2.0/bin/../lib/gcc/../../lib/gcc/riscv-none-embed/8.2.0/../../../../riscv-none-embed/include"]
  ignore line: [ignoring duplicate directory "/Users/baohan/ErBW_s/Code/Toolchains/xpack-riscv-none-embed-gcc-8.2.0/bin/../riscv-none-embed/include"]
  ignore line: [#include "..." search starts here:]
  ignore line: [#include <...> search starts here:]
  ignore line: [ /Users/baohan/ErBW_s/Code/Toolchains/xpack-riscv-none-embed-gcc-8.2.0/bin/../lib/gcc/riscv-none-embed/8.2.0/../../../../riscv-none-embed/include/c++/8.2.0]
  ignore line: [ /Users/baohan/ErBW_s/Code/Toolchains/xpack-riscv-none-embed-gcc-8.2.0/bin/../lib/gcc/riscv-none-embed/8.2.0/../../../../riscv-none-embed/include/c++/8.2.0/riscv-none-embed/rv32im/ilp32]
  ignore line: [ /Users/baohan/ErBW_s/Code/Toolchains/xpack-riscv-none-embed-gcc-8.2.0/bin/../lib/gcc/riscv-none-embed/8.2.0/../../../../riscv-none-embed/include/c++/8.2.0/backward]
  ignore line: [ /Users/baohan/ErBW_s/Code/Toolchains/xpack-riscv-none-embed-gcc-8.2.0/bin/../lib/gcc/riscv-none-embed/8.2.0/include]
  ignore line: [ /Users/baohan/ErBW_s/Code/Toolchains/xpack-riscv-none-embed-gcc-8.2.0/bin/../lib/gcc/riscv-none-embed/8.2.0/include-fixed]
  ignore line: [ /Users/baohan/ErBW_s/Code/Toolchains/xpack-riscv-none-embed-gcc-8.2.0/bin/../lib/gcc/riscv-none-embed/8.2.0/../../../../riscv-none-embed/include]
  ignore line: [End of search list.]
  ignore line: [GNU C++14 (xPack GNU RISC-V Embedded GCC x86_64) version 8.2.0 (riscv-none-embed)]
  ignore line: [	compiled by GNU C version 11.2.0  GMP version 6.1.2  MPFR version 3.1.6  MPC version 1.0.3  isl version isl-0.18-GMP]
  ignore line: []
  ignore line: [GGC heuristics: --param ggc-min-expand=30 --param ggc-min-heapsize=4096]
  ignore line: [Compiler executable checksum: 7096d90dd74158ad423ad54d7b76246a]
  ignore line: [COLLECT_GCC_OPTIONS='-fdiagnostics-color=always' '-mcmodel=medany' '-march=rv32imc' '-mabi=ilp32' '-msave-restore' '-D' '_USE_LONG_TIME_T' '-O0' '-v' '-std=gnu++14' '-o' 'CMakeFiles/cmTC_0fa03.dir/CMakeCXXCompilerABI.cpp.obj' '-c']
  ignore line: [ /Users/baohan/ErBW_s/Code/Toolchains/xpack-riscv-none-embed-gcc-8.2.0/bin/../lib/gcc/riscv-none-embed/8.2.0/../../../../riscv-none-embed/bin/as -v --traditional-format -march=rv32imc -mabi=ilp32 -o CMakeFiles/cmTC_0fa03.dir/CMakeCXXCompilerABI.cpp.obj /var/folders/8b/ck38908s4pq3gnj871z1n0sr0000gn/T//ccVhrNDb.s]
  ignore line: [GNU assembler version 2.32 (riscv-none-embed) using BFD version (xPack GNU RISC-V Embedded GCC x86_64) 2.32]
  ignore line: [COMPILER_PATH=/Users/baohan/ErBW_s/Code/Toolchains/xpack-riscv-none-embed-gcc-8.2.0/bin/../libexec/gcc/riscv-none-embed/8.2.0/:/Users/baohan/ErBW_s/Code/Toolchains/xpack-riscv-none-embed-gcc-8.2.0/bin/../libexec/gcc/:/Users/baohan/ErBW_s/Code/Toolchains/xpack-riscv-none-embed-gcc-8.2.0/bin/../lib/gcc/riscv-none-embed/8.2.0/../../../../riscv-none-embed/bin/]
  ignore line: [LIBRARY_PATH=/Users/baohan/ErBW_s/Code/Toolchains/xpack-riscv-none-embed-gcc-8.2.0/bin/../lib/gcc/riscv-none-embed/8.2.0/rv32im/ilp32/:/Users/baohan/ErBW_s/Code/Toolchains/xpack-riscv-none-embed-gcc-8.2.0/bin/../lib/gcc/riscv-none-embed/8.2.0/../../../../riscv-none-embed/lib/rv32im/ilp32/:/Users/baohan/ErBW_s/Code/Toolchains/xpack-riscv-none-embed-gcc-8.2.0/bin/../riscv-none-embed/lib/rv32im/ilp32/:/Users/baohan/ErBW_s/Code/Toolchains/xpack-riscv-none-embed-gcc-8.2.0/bin/../lib/gcc/riscv-none-embed/8.2.0/:/Users/baohan/ErBW_s/Code/Toolchains/xpack-riscv-none-embed-gcc-8.2.0/bin/../lib/gcc/:/Users/baohan/ErBW_s/Code/Toolchains/xpack-riscv-none-embed-gcc-8.2.0/bin/../lib/gcc/riscv-none-embed/8.2.0/../../../../riscv-none-embed/lib/:/Users/baohan/ErBW_s/Code/Toolchains/xpack-riscv-none-embed-gcc-8.2.0/bin/../riscv-none-embed/lib/]
  ignore line: [COLLECT_GCC_OPTIONS='-fdiagnostics-color=always' '-mcmodel=medany' '-march=rv32imc' '-mabi=ilp32' '-msave-restore' '-D' '_USE_LONG_TIME_T' '-O0' '-v' '-std=gnu++14' '-o' 'CMakeFiles/cmTC_0fa03.dir/CMakeCXXCompilerABI.cpp.obj' '-c']
  ignore line: [[2/2] Linking CXX executable cmTC_0fa03]
  ignore line: [Using built-in specs.]
  ignore line: [COLLECT_GCC=/Users/baohan/ErBW_s/Code/Toolchains/xpack-riscv-none-embed-gcc-8.2.0/bin/riscv-none-embed-g++]
  ignore line: [COLLECT_LTO_WRAPPER=/Users/baohan/ErBW_s/Code/Toolchains/xpack-riscv-none-embed-gcc-8.2.0/bin/../libexec/gcc/riscv-none-embed/8.2.0/lto-wrapper]
  ignore line: [Target: riscv-none-embed]
  ignore line: [Configured with: /Users/wch/Work/riscv-none-embed-gcc-10.2.0-1.2/darwin-x64/sources/riscv-gcc-10.2.0-1.1/configure --prefix=/Users/wch/Work/riscv-none-embed-gcc-10.2.0-1.2/darwin-x64/install/riscv-none-embed-gcc --infodir=/Users/wch/Work/riscv-none-embed-gcc-10.2.0-1.2/darwin-x64/install/riscv-none-embed-gcc/share/doc/info --mandir=/Users/wch/Work/riscv-none-embed-gcc-10.2.0-1.2/darwin-x64/install/riscv-none-embed-gcc/share/doc/man --htmldir=/Users/wch/Work/riscv-none-embed-gcc-10.2.0-1.2/darwin-x64/install/riscv-none-embed-gcc/share/doc/html --pdfdir=/Users/wch/Work/riscv-none-embed-gcc-10.2.0-1.2/darwin-x64/install/riscv-none-embed-gcc/share/doc/pdf --build=x86_64-apple-darwin17.7.0 --host=x86_64-apple-darwin17.7.0 --target=riscv-none-embed --with-pkgversion='xPack GNU RISC-V Embedded GCC x86_64' --with-bugurl=https://github.com/sifive/freedom-tools/issues/ --enable-languages=c,c++ --disable-mingw-wildcard --enable-plugins --enable-lto --enable-checking=yes --disable-tls --disable-decimal-float --disable-libffi --disable-libgomp --disable-libmudflap --disable-libquadmath --disable-libssp --disable-libstdcxx-pch --disable-nls --disable-threads --with-gnu-as --with-gnu-ld --with-newlib --with-headers=yes --with-python-dir=share/gcc-riscv-none-embed --with-sysroot=/Users/wch/Work/riscv-none-embed-gcc-10.2.0-1.2/darwin-x64/install/riscv-none-embed-gcc/riscv-none-embed --with-native-system-header-dir=/include --with-abi=ilp32 --with-arch=rv32imac --disable-build-format-warnings --with-system-zlib]
  ignore line: [Thread model: single]
  ignore line: [gcc version 8.2.0 (xPack GNU RISC-V Embedded GCC x86_64) ]
  ignore line: [COMPILER_PATH=/Users/baohan/ErBW_s/Code/Toolchains/xpack-riscv-none-embed-gcc-8.2.0/bin/../libexec/gcc/riscv-none-embed/8.2.0/:/Users/baohan/ErBW_s/Code/Toolchains/xpack-riscv-none-embed-gcc-8.2.0/bin/../libexec/gcc/:/Users/baohan/ErBW_s/Code/Toolchains/xpack-riscv-none-embed-gcc-8.2.0/bin/../lib/gcc/riscv-none-embed/8.2.0/../../../../riscv-none-embed/bin/]
  ignore line: [LIBRARY_PATH=/Users/baohan/ErBW_s/Code/Toolchains/xpack-riscv-none-embed-gcc-8.2.0/bin/../lib/gcc/riscv-none-embed/8.2.0/rv32im/ilp32/:/Users/baohan/ErBW_s/Code/Toolchains/xpack-riscv-none-embed-gcc-8.2.0/bin/../lib/gcc/riscv-none-embed/8.2.0/../../../../riscv-none-embed/lib/rv32im/ilp32/:/Users/baohan/ErBW_s/Code/Toolchains/xpack-riscv-none-embed-gcc-8.2.0/bin/../riscv-none-embed/lib/rv32im/ilp32/:/Users/baohan/ErBW_s/Code/Toolchains/xpack-riscv-none-embed-gcc-8.2.0/bin/../lib/gcc/riscv-none-embed/8.2.0/:/Users/baohan/ErBW_s/Code/Toolchains/xpack-riscv-none-embed-gcc-8.2.0/bin/../lib/gcc/:/Users/baohan/ErBW_s/Code/Toolchains/xpack-riscv-none-embed-gcc-8.2.0/bin/../lib/gcc/riscv-none-embed/8.2.0/../../../../riscv-none-embed/lib/:/Users/baohan/ErBW_s/Code/Toolchains/xpack-riscv-none-embed-gcc-8.2.0/bin/../riscv-none-embed/lib/]
  ignore line: [COLLECT_GCC_OPTIONS='-mcmodel=medany' '-march=rv32imc' '-mabi=ilp32' '-D' '_USE_LONG_TIME_T' '-O0' '-mcmodel=medany' '-march=rv32imc' '-mabi=ilp32' '-msave-restore' '-nostartfiles' '-T' '/Users/baohan/ErBW_s/Projects/CH32-Bike-Overland/2.Firmware/2.BLDC/link.lds' '-v' '-o' 'cmTC_0fa03']
  link line: [ /Users/baohan/ErBW_s/Code/Toolchains/xpack-riscv-none-embed-gcc-8.2.0/bin/../libexec/gcc/riscv-none-embed/8.2.0/collect2 -plugin /Users/baohan/ErBW_s/Code/Toolchains/xpack-riscv-none-embed-gcc-8.2.0/bin/../libexec/gcc/riscv-none-embed/8.2.0/liblto_plugin.so -plugin-opt=/Users/baohan/ErBW_s/Code/Toolchains/xpack-riscv-none-embed-gcc-8.2.0/bin/../libexec/gcc/riscv-none-embed/8.2.0/lto-wrapper -plugin-opt=-fresolution=/var/folders/8b/ck38908s4pq3gnj871z1n0sr0000gn/T//cc9ichyH.res -plugin-opt=-pass-through=-lgcc -plugin-opt=-pass-through=-lgcc -plugin-opt=-pass-through=-lg -plugin-opt=-pass-through=-lc -plugin-opt=-pass-through=-lgcc --sysroot=/Users/baohan/ErBW_s/Code/Toolchains/xpack-riscv-none-embed-gcc-8.2.0/bin/../riscv-none-embed -melf32lriscv -o cmTC_0fa03 -L/Users/baohan/ErBW_s/Code/Toolchains/xpack-riscv-none-embed-gcc-8.2.0/bin/../lib/gcc/riscv-none-embed/8.2.0/rv32im/ilp32 -L/Users/baohan/ErBW_s/Code/Toolchains/xpack-riscv-none-embed-gcc-8.2.0/bin/../lib/gcc/riscv-none-embed/8.2.0/../../../../riscv-none-embed/lib/rv32im/ilp32 -L/Users/baohan/ErBW_s/Code/Toolchains/xpack-riscv-none-embed-gcc-8.2.0/bin/../riscv-none-embed/lib/rv32im/ilp32 -L/Users/baohan/ErBW_s/Code/Toolchains/xpack-riscv-none-embed-gcc-8.2.0/bin/../lib/gcc/riscv-none-embed/8.2.0 -L/Users/baohan/ErBW_s/Code/Toolchains/xpack-riscv-none-embed-gcc-8.2.0/bin/../lib/gcc -L/Users/baohan/ErBW_s/Code/Toolchains/xpack-riscv-none-embed-gcc-8.2.0/bin/../lib/gcc/riscv-none-embed/8.2.0/../../../../riscv-none-embed/lib -L/Users/baohan/ErBW_s/Code/Toolchains/xpack-riscv-none-embed-gcc-8.2.0/bin/../riscv-none-embed/lib --gc-sections -Map=rtthread.map -cref -u _start CMakeFiles/cmTC_0fa03.dir/CMakeCXXCompilerABI.cpp.obj -lstdc++ -lm -lgcc --start-group -lgcc -lg -lc --end-group -lgcc -T /Users/baohan/ErBW_s/Projects/CH32-Bike-Overland/2.Firmware/2.BLDC/link.lds]
    arg [/Users/baohan/ErBW_s/Code/Toolchains/xpack-riscv-none-embed-gcc-8.2.0/bin/../libexec/gcc/riscv-none-embed/8.2.0/collect2] ==> ignore
    arg [-plugin] ==> ignore
    arg [/Users/baohan/ErBW_s/Code/Toolchains/xpack-riscv-none-embed-gcc-8.2.0/bin/../libexec/gcc/riscv-none-embed/8.2.0/liblto_plugin.so] ==> ignore
    arg [-plugin-opt=/Users/baohan/ErBW_s/Code/Toolchains/xpack-riscv-none-embed-gcc-8.2.0/bin/../libexec/gcc/riscv-none-embed/8.2.0/lto-wrapper] ==> ignore
    arg [-plugin-opt=-fresolution=/var/folders/8b/ck38908s4pq3gnj871z1n0sr0000gn/T//cc9ichyH.res] ==> ignore
    arg [-plugin-opt=-pass-through=-lgcc] ==> ignore
    arg [-plugin-opt=-pass-through=-lgcc] ==> ignore
    arg [-plugin-opt=-pass-through=-lg] ==> ignore
    arg [-plugin-opt=-pass-through=-lc] ==> ignore
    arg [-plugin-opt=-pass-through=-lgcc] ==> ignore
    arg [--sysroot=/Users/baohan/ErBW_s/Code/Toolchains/xpack-riscv-none-embed-gcc-8.2.0/bin/../riscv-none-embed] ==> ignore
    arg [-melf32lriscv] ==> ignore
    arg [-o] ==> ignore
    arg [cmTC_0fa03] ==> ignore
    arg [-L/Users/baohan/ErBW_s/Code/Toolchains/xpack-riscv-none-embed-gcc-8.2.0/bin/../lib/gcc/riscv-none-embed/8.2.0/rv32im/ilp32] ==> dir [/Users/baohan/ErBW_s/Code/Toolchains/xpack-riscv-none-embed-gcc-8.2.0/bin/../lib/gcc/riscv-none-embed/8.2.0/rv32im/ilp32]
    arg [-L/Users/baohan/ErBW_s/Code/Toolchains/xpack-riscv-none-embed-gcc-8.2.0/bin/../lib/gcc/riscv-none-embed/8.2.0/../../../../riscv-none-embed/lib/rv32im/ilp32] ==> dir [/Users/baohan/ErBW_s/Code/Toolchains/xpack-riscv-none-embed-gcc-8.2.0/bin/../lib/gcc/riscv-none-embed/8.2.0/../../../../riscv-none-embed/lib/rv32im/ilp32]
    arg [-L/Users/baohan/ErBW_s/Code/Toolchains/xpack-riscv-none-embed-gcc-8.2.0/bin/../riscv-none-embed/lib/rv32im/ilp32] ==> dir [/Users/baohan/ErBW_s/Code/Toolchains/xpack-riscv-none-embed-gcc-8.2.0/bin/../riscv-none-embed/lib/rv32im/ilp32]
    arg [-L/Users/baohan/ErBW_s/Code/Toolchains/xpack-riscv-none-embed-gcc-8.2.0/bin/../lib/gcc/riscv-none-embed/8.2.0] ==> dir [/Users/baohan/ErBW_s/Code/Toolchains/xpack-riscv-none-embed-gcc-8.2.0/bin/../lib/gcc/riscv-none-embed/8.2.0]
    arg [-L/Users/baohan/ErBW_s/Code/Toolchains/xpack-riscv-none-embed-gcc-8.2.0/bin/../lib/gcc] ==> dir [/Users/baohan/ErBW_s/Code/Toolchains/xpack-riscv-none-embed-gcc-8.2.0/bin/../lib/gcc]
    arg [-L/Users/baohan/ErBW_s/Code/Toolchains/xpack-riscv-none-embed-gcc-8.2.0/bin/../lib/gcc/riscv-none-embed/8.2.0/../../../../riscv-none-embed/lib] ==> dir [/Users/baohan/ErBW_s/Code/Toolchains/xpack-riscv-none-embed-gcc-8.2.0/bin/../lib/gcc/riscv-none-embed/8.2.0/../../../../riscv-none-embed/lib]
    arg [-L/Users/baohan/ErBW_s/Code/Toolchains/xpack-riscv-none-embed-gcc-8.2.0/bin/../riscv-none-embed/lib] ==> dir [/Users/baohan/ErBW_s/Code/Toolchains/xpack-riscv-none-embed-gcc-8.2.0/bin/../riscv-none-embed/lib]
    arg [--gc-sections] ==> ignore
    arg [-Map=rtthread.map] ==> ignore
    arg [-cref] ==> ignore
    arg [-u] ==> ignore
    arg [_start] ==> ignore
    arg [CMakeFiles/cmTC_0fa03.dir/CMakeCXXCompilerABI.cpp.obj] ==> ignore
    arg [-lstdc++] ==> lib [stdc++]
    arg [-lm] ==> lib [m]
    arg [-lgcc] ==> lib [gcc]
    arg [--start-group] ==> ignore
    arg [-lgcc] ==> lib [gcc]
    arg [-lg] ==> lib [g]
    arg [-lc] ==> lib [c]
    arg [--end-group] ==> ignore
    arg [-lgcc] ==> lib [gcc]
    arg [-T] ==> ignore
    arg [/Users/baohan/ErBW_s/Projects/CH32-Bike-Overland/2.Firmware/2.BLDC/link.lds] ==> ignore
  collapse library dir [/Users/baohan/ErBW_s/Code/Toolchains/xpack-riscv-none-embed-gcc-8.2.0/bin/../lib/gcc/riscv-none-embed/8.2.0/rv32im/ilp32] ==> [/Users/baohan/ErBW_s/Code/Toolchains/xpack-riscv-none-embed-gcc-8.2.0/lib/gcc/riscv-none-embed/8.2.0/rv32im/ilp32]
  collapse library dir [/Users/baohan/ErBW_s/Code/Toolchains/xpack-riscv-none-embed-gcc-8.2.0/bin/../lib/gcc/riscv-none-embed/8.2.0/../../../../riscv-none-embed/lib/rv32im/ilp32] ==> [/Users/baohan/ErBW_s/Code/Toolchains/xpack-riscv-none-embed-gcc-8.2.0/riscv-none-embed/lib/rv32im/ilp32]
  collapse library dir [/Users/baohan/ErBW_s/Code/Toolchains/xpack-riscv-none-embed-gcc-8.2.0/bin/../riscv-none-embed/lib/rv32im/ilp32] ==> [/Users/baohan/ErBW_s/Code/Toolchains/xpack-riscv-none-embed-gcc-8.2.0/riscv-none-embed/lib/rv32im/ilp32]
  collapse library dir [/Users/baohan/ErBW_s/Code/Toolchains/xpack-riscv-none-embed-gcc-8.2.0/bin/../lib/gcc/riscv-none-embed/8.2.0] ==> [/Users/baohan/ErBW_s/Code/Toolchains/xpack-riscv-none-embed-gcc-8.2.0/lib/gcc/riscv-none-embed/8.2.0]
  collapse library dir [/Users/baohan/ErBW_s/Code/Toolchains/xpack-riscv-none-embed-gcc-8.2.0/bin/../lib/gcc] ==> [/Users/baohan/ErBW_s/Code/Toolchains/xpack-riscv-none-embed-gcc-8.2.0/lib/gcc]
  collapse library dir [/Users/baohan/ErBW_s/Code/Toolchains/xpack-riscv-none-embed-gcc-8.2.0/bin/../lib/gcc/riscv-none-embed/8.2.0/../../../../riscv-none-embed/lib] ==> [/Users/baohan/ErBW_s/Code/Toolchains/xpack-riscv-none-embed-gcc-8.2.0/riscv-none-embed/lib]
  collapse library dir [/Users/baohan/ErBW_s/Code/Toolchains/xpack-riscv-none-embed-gcc-8.2.0/bin/../riscv-none-embed/lib] ==> [/Users/baohan/ErBW_s/Code/Toolchains/xpack-riscv-none-embed-gcc-8.2.0/riscv-none-embed/lib]
  implicit libs: [stdc++;m;gcc;gcc;g;c;gcc]
  implicit objs: []
  implicit dirs: [/Users/baohan/ErBW_s/Code/Toolchains/xpack-riscv-none-embed-gcc-8.2.0/lib/gcc/riscv-none-embed/8.2.0/rv32im/ilp32;/Users/baohan/ErBW_s/Code/Toolchains/xpack-riscv-none-embed-gcc-8.2.0/riscv-none-embed/lib/rv32im/ilp32;/Users/baohan/ErBW_s/Code/Toolchains/xpack-riscv-none-embed-gcc-8.2.0/lib/gcc/riscv-none-embed/8.2.0;/Users/baohan/ErBW_s/Code/Toolchains/xpack-riscv-none-embed-gcc-8.2.0/lib/gcc;/Users/baohan/ErBW_s/Code/Toolchains/xpack-riscv-none-embed-gcc-8.2.0/riscv-none-embed/lib]
  implicit fwks: []


