The system is: Windows - 10.0.22000 - AMD64
Compiling the C compiler identification source file "CMakeCCompilerId.c" succeeded.
Compiler: E:/VisualStudio/2022/VC/Tools/MSVC/14.35.32215/bin/Hostx64/x64/cl.exe 
Build flags: 
Id flags:  

The output was:
0
用于 x64 的 Microsoft (R) C/C++ 优化编译器 19.35.32216.1 版
版权所有(C) Microsoft Corporation。保留所有权利。

CMakeCCompilerId.c
Microsoft (R) Incremental Linker Version 14.35.32216.1
Copyright (C) Microsoft Corporation.  All rights reserved.

/out:CMakeCCompilerId.exe 
CMakeCCompilerId.obj 


Compilation of the C compiler identification source "CMakeCCompilerId.c" produced "CMakeCCompilerId.exe"

Compilation of the C compiler identification source "CMakeCCompilerId.c" produced "CMakeCCompilerId.obj"

The C compiler identification is MSVC, found in "F:/bike/CH32-Bike-Overland/2.Firmware/1.CH32V307VCT6/cmake-build-debug/CMakeFiles/3.24.2/CompilerIdC/CMakeCCompilerId.exe"

Detecting C compiler ABI info compiled with the following output:
Change Dir: F:/bike/CH32-Bike-Overland/2.Firmware/1.CH32V307VCT6/cmake-build-debug/CMakeFiles/CMakeTmp

Run Build Command(s):E:/CLion 2022.3.2/bin/ninja/win/x64/ninja.exe cmTC_69a8c && [1/2] Building C object CMakeFiles\cmTC_69a8c.dir\CMakeCCompilerABI.c.obj
[2/2] Linking C executable cmTC_69a8c.exe



